2015-02-27 11:35:35: -- Analysis Started by On File Change 1st Full Analyze
2015-02-27 11:35:38: 右侧: State file does not exist: ftp://qxu1146460084.my3w.com/htdocs/_gsdata_/_file_state_v4._gs
2015-02-27 11:35:39: 变更：220， 冲突：0， 复制时间：0， 复制状态：2/0， 错误： 0, All: 227
2015-02-27 11:35:39: Left to Right: Copy File: 220 Copy State: 2 
2015-02-27 11:35:39: == Sync Started by On File Change 1st Full Analyze
2015-02-27 11:35:39: 创建文件夹 'ftp://qxu1146460084.my3w.com/htdocs/asset'
2015-02-27 11:35:39: 创建文件夹 'ftp://qxu1146460084.my3w.com/htdocs/asset/font'
2015-02-27 11:35:39: 创建文件夹 'ftp://qxu1146460084.my3w.com/htdocs/asset/highlightjs'
2015-02-27 11:35:39: 创建文件夹 'ftp://qxu1146460084.my3w.com/htdocs/asset/highlightjs/styles'
2015-02-27 11:35:39: 创建文件夹 'ftp://qxu1146460084.my3w.com/htdocs/asset/images'
2015-02-27 11:35:40: 创建文件夹 'ftp://qxu1146460084.my3w.com/htdocs/asset/images/fancybox'
2015-02-27 11:35:40: 创建文件夹 'ftp://qxu1146460084.my3w.com/htdocs/asset/images/social'
2015-02-27 11:35:40: 创建文件夹 'ftp://qxu1146460084.my3w.com/htdocs/asset/javascripts'
2015-02-27 11:35:40: 创建文件夹 'ftp://qxu1146460084.my3w.com/htdocs/asset/stylesheets'
2015-02-27 11:35:40: 创建文件夹 'ftp://qxu1146460084.my3w.com/htdocs/media'
2015-02-27 11:35:40: 创建文件夹 'ftp://qxu1146460084.my3w.com/htdocs/media/14187874991645'
2015-02-27 11:35:40: 创建文件夹 'ftp://qxu1146460084.my3w.com/htdocs/media/14189656825627'
2015-02-27 11:35:40: 创建文件夹 'ftp://qxu1146460084.my3w.com/htdocs/media/14189904700669'
2015-02-27 11:35:40: 创建文件夹 'ftp://qxu1146460084.my3w.com/htdocs/media/14195170907881'
2015-02-27 11:35:40: 创建文件夹 'ftp://qxu1146460084.my3w.com/htdocs/media/14206095675933'
2015-02-27 11:35:40: 创建文件夹 'ftp://qxu1146460084.my3w.com/htdocs/media/14206135238767'
2015-02-27 11:35:41: 创建文件夹 'ftp://qxu1146460084.my3w.com/htdocs/media/14213891828854'
2015-02-27 11:35:41: 创建文件夹 'ftp://qxu1146460084.my3w.com/htdocs/media/14216489427773'
2015-02-27 11:35:41: 创建文件夹 'ftp://qxu1146460084.my3w.com/htdocs/media/14218059079784'
2015-02-27 11:35:41: 创建文件夹 'ftp://qxu1146460084.my3w.com/htdocs/media/14224153855854'
2015-02-27 11:35:41: 创建文件夹 'ftp://qxu1146460084.my3w.com/htdocs/media/14229369882579'
2015-02-27 11:35:41: 创建文件夹 'ftp://qxu1146460084.my3w.com/htdocs/media/14233888581377'
2015-02-27 11:35:42: 新建复制 '/Users/Otis/Documents/MWebSites/Coder For Art/aliyun-net-cn-free-web-host-express.html' -> 'ftp://qxu1146460084.my3w.com/htdocs/aliyun-net-cn-free-web-host-express.html'
2015-02-27 11:35:43: 新建复制 '/Users/Otis/Documents/MWebSites/Coder For Art/all.html' -> 'ftp://qxu1146460084.my3w.com/htdocs/all.html'
2015-02-27 11:35:45: 新建复制 '/Users/Otis/Documents/MWebSites/Coder For Art/all_1.html' -> 'ftp://qxu1146460084.my3w.com/htdocs/all_1.html'
2015-02-27 11:35:46: 新建复制 '/Users/Otis/Documents/MWebSites/Coder For Art/all_2.html' -> 'ftp://qxu1146460084.my3w.com/htdocs/all_2.html'
2015-02-27 11:35:48: 新建复制 '/Users/Otis/Documents/MWebSites/Coder For Art/archives.html' -> 'ftp://qxu1146460084.my3w.com/htdocs/archives.html'
2015-02-27 11:35:49: 新建复制 '/Users/Otis/Documents/MWebSites/Coder For Art/asset/font/1TiHc9yag0wq3lDO9cw0voX0hVgzZQUfRDuZrPvH3D8.woff2' -> 'ftp://qxu1146460084.my3w.com/htdocs/asset/font/1TiHc9yag0wq3lDO9cw0voX0hVgzZQUfRDuZrPvH3D8.woff2'
2015-02-27 11:35:51: 新建复制 '/Users/Otis/Documents/MWebSites/Coder For Art/asset/font/6TbRXKWJjpj6V2v_WyRbMX-_kf6ByYO6CLYdB4HQE-Y.woff2' -> 'ftp://qxu1146460084.my3w.com/htdocs/asset/font/6TbRXKWJjpj6V2v_WyRbMX-_kf6ByYO6CLYdB4HQE-Y.woff2'
2015-02-27 11:35:52: 新建复制 '/Users/Otis/Documents/MWebSites/Coder For Art/asset/font/fontawesome-webfont.ttf' -> 'ftp://qxu1146460084.my3w.com/htdocs/asset/font/fontawesome-webfont.ttf'
2015-02-27 11:35:54: 新建复制 '/Users/Otis/Documents/MWebSites/Coder For Art/asset/font/fontawesome-webfont.woff' -> 'ftp://qxu1146460084.my3w.com/htdocs/asset/font/fontawesome-webfont.woff'
2015-02-27 11:35:55: 新建复制 '/Users/Otis/Documents/MWebSites/Coder For Art/asset/font/TttUCfJ272GBgSKaOaD7KoX0hVgzZQUfRDuZrPvH3D8.woff2' -> 'ftp://qxu1146460084.my3w.com/htdocs/asset/font/TttUCfJ272GBgSKaOaD7KoX0hVgzZQUfRDuZrPvH3D8.woff2'
2015-02-27 11:35:57: 新建复制 '/Users/Otis/Documents/MWebSites/Coder For Art/asset/highlightjs/highlight.pack.js' -> 'ftp://qxu1146460084.my3w.com/htdocs/asset/highlightjs/highlight.pack.js'
2015-02-27 11:35:58: 新建复制 '/Users/Otis/Documents/MWebSites/Coder For Art/asset/highlightjs/LICENSE' -> 'ftp://qxu1146460084.my3w.com/htdocs/asset/highlightjs/LICENSE'
2015-02-27 11:36:00: 新建复制 '/Users/Otis/Documents/MWebSites/Coder For Art/asset/highlightjs/styles/arta.css' -> 'ftp://qxu1146460084.my3w.com/htdocs/asset/highlightjs/styles/arta.css'
2015-02-27 11:36:01: 新建复制 '/Users/Otis/Documents/MWebSites/Coder For Art/asset/highlightjs/styles/ascetic.css' -> 'ftp://qxu1146460084.my3w.com/htdocs/asset/highlightjs/styles/ascetic.css'
2015-02-27 11:36:02: 新建复制 '/Users/Otis/Documents/MWebSites/Coder For Art/asset/highlightjs/styles/atelier-dune.dark.css' -> 'ftp://qxu1146460084.my3w.com/htdocs/asset/highlightjs/styles/atelier-dune.dark.css'
2015-02-27 11:36:03: 新建复制 '/Users/Otis/Documents/MWebSites/Coder For Art/asset/highlightjs/styles/atelier-dune.light.css' -> 'ftp://qxu1146460084.my3w.com/htdocs/asset/highlightjs/styles/atelier-dune.light.css'
2015-02-27 11:36:04: 新建复制 '/Users/Otis/Documents/MWebSites/Coder For Art/asset/highlightjs/styles/atelier-forest.dark.css' -> 'ftp://qxu1146460084.my3w.com/htdocs/asset/highlightjs/styles/atelier-forest.dark.css'
2015-02-27 11:36:05: 新建复制 '/Users/Otis/Documents/MWebSites/Coder For Art/asset/highlightjs/styles/atelier-forest.light.css' -> 'ftp://qxu1146460084.my3w.com/htdocs/asset/highlightjs/styles/atelier-forest.light.css'
2015-02-27 11:36:06: 新建复制 '/Users/Otis/Documents/MWebSites/Coder For Art/asset/highlightjs/styles/atelier-heath.dark.css' -> 'ftp://qxu1146460084.my3w.com/htdocs/asset/highlightjs/styles/atelier-heath.dark.css'
2015-02-27 11:36:07: 新建复制 '/Users/Otis/Documents/MWebSites/Coder For Art/asset/highlightjs/styles/atelier-heath.light.css' -> 'ftp://qxu1146460084.my3w.com/htdocs/asset/highlightjs/styles/atelier-heath.light.css'
2015-02-27 11:36:09: 新建复制 '/Users/Otis/Documents/MWebSites/Coder For Art/asset/highlightjs/styles/atelier-lakeside.dark.css' -> 'ftp://qxu1146460084.my3w.com/htdocs/asset/highlightjs/styles/atelier-lakeside.dark.css'
2015-02-27 11:36:10: 新建复制 '/Users/Otis/Documents/MWebSites/Coder For Art/asset/highlightjs/styles/atelier-lakeside.light.css' -> 'ftp://qxu1146460084.my3w.com/htdocs/asset/highlightjs/styles/atelier-lakeside.light.css'
2015-02-27 11:36:11: 新建复制 '/Users/Otis/Documents/MWebSites/Coder For Art/asset/highlightjs/styles/atelier-seaside.dark.css' -> 'ftp://qxu1146460084.my3w.com/htdocs/asset/highlightjs/styles/atelier-seaside.dark.css'
2015-02-27 11:36:12: 新建复制 '/Users/Otis/Documents/MWebSites/Coder For Art/asset/highlightjs/styles/atelier-seaside.light.css' -> 'ftp://qxu1146460084.my3w.com/htdocs/asset/highlightjs/styles/atelier-seaside.light.css'
2015-02-27 11:36:13: 新建复制 '/Users/Otis/Documents/MWebSites/Coder For Art/asset/highlightjs/styles/brown_paper.css' -> 'ftp://qxu1146460084.my3w.com/htdocs/asset/highlightjs/styles/brown_paper.css'
2015-02-27 11:36:15: 新建复制 '/Users/Otis/Documents/MWebSites/Coder For Art/asset/highlightjs/styles/brown_papersq.png' -> 'ftp://qxu1146460084.my3w.com/htdocs/asset/highlightjs/styles/brown_papersq.png'
2015-02-27 11:36:16: 新建复制 '/Users/Otis/Documents/MWebSites/Coder For Art/asset/highlightjs/styles/codepen-embed.css' -> 'ftp://qxu1146460084.my3w.com/htdocs/asset/highlightjs/styles/codepen-embed.css'
2015-02-27 11:36:17: 新建复制 '/Users/Otis/Documents/MWebSites/Coder For Art/asset/highlightjs/styles/color-brewer.css' -> 'ftp://qxu1146460084.my3w.com/htdocs/asset/highlightjs/styles/color-brewer.css'
2015-02-27 11:36:18: 新建复制 '/Users/Otis/Documents/MWebSites/Coder For Art/asset/highlightjs/styles/dark.css' -> 'ftp://qxu1146460084.my3w.com/htdocs/asset/highlightjs/styles/dark.css'
2015-02-27 11:36:19: 新建复制 '/Users/Otis/Documents/MWebSites/Coder For Art/asset/highlightjs/styles/default.css' -> 'ftp://qxu1146460084.my3w.com/htdocs/asset/highlightjs/styles/default.css'
2015-02-27 11:36:20: 新建复制 '/Users/Otis/Documents/MWebSites/Coder For Art/asset/highlightjs/styles/docco.css' -> 'ftp://qxu1146460084.my3w.com/htdocs/asset/highlightjs/styles/docco.css'
2015-02-27 11:36:21: 新建复制 '/Users/Otis/Documents/MWebSites/Coder For Art/asset/highlightjs/styles/far.css' -> 'ftp://qxu1146460084.my3w.com/htdocs/asset/highlightjs/styles/far.css'
2015-02-27 11:36:22: 新建复制 '/Users/Otis/Documents/MWebSites/Coder For Art/asset/highlightjs/styles/foundation.css' -> 'ftp://qxu1146460084.my3w.com/htdocs/asset/highlightjs/styles/foundation.css'
2015-02-27 11:36:24: 新建复制 '/Users/Otis/Documents/MWebSites/Coder For Art/asset/highlightjs/styles/github.css' -> 'ftp://qxu1146460084.my3w.com/htdocs/asset/highlightjs/styles/github.css'
2015-02-27 11:36:25: 新建复制 '/Users/Otis/Documents/MWebSites/Coder For Art/asset/highlightjs/styles/googlecode.css' -> 'ftp://qxu1146460084.my3w.com/htdocs/asset/highlightjs/styles/googlecode.css'
2015-02-27 11:36:26: 新建复制 '/Users/Otis/Documents/MWebSites/Coder For Art/asset/highlightjs/styles/hybrid.css' -> 'ftp://qxu1146460084.my3w.com/htdocs/asset/highlightjs/styles/hybrid.css'
2015-02-27 11:36:27: 新建复制 '/Users/Otis/Documents/MWebSites/Coder For Art/asset/highlightjs/styles/idea.css' -> 'ftp://qxu1146460084.my3w.com/htdocs/asset/highlightjs/styles/idea.css'
2015-02-27 11:36:28: 新建复制 '/Users/Otis/Documents/MWebSites/Coder For Art/asset/highlightjs/styles/ir_black.css' -> 'ftp://qxu1146460084.my3w.com/htdocs/asset/highlightjs/styles/ir_black.css'
2015-02-27 11:36:38: 新建复制 '/Users/Otis/Documents/MWebSites/Coder For Art/asset/highlightjs/styles/kimbie.dark.css' -> 'ftp://qxu1146460084.my3w.com/htdocs/asset/highlightjs/styles/kimbie.dark.css'
2015-02-27 11:36:40: 新建复制 '/Users/Otis/Documents/MWebSites/Coder For Art/asset/highlightjs/styles/kimbie.light.css' -> 'ftp://qxu1146460084.my3w.com/htdocs/asset/highlightjs/styles/kimbie.light.css'
2015-02-27 11:36:42: 新建复制 '/Users/Otis/Documents/MWebSites/Coder For Art/asset/highlightjs/styles/magula.css' -> 'ftp://qxu1146460084.my3w.com/htdocs/asset/highlightjs/styles/magula.css'
2015-02-27 11:36:44: 新建复制 '/Users/Otis/Documents/MWebSites/Coder For Art/asset/highlightjs/styles/mono-blue.css' -> 'ftp://qxu1146460084.my3w.com/htdocs/asset/highlightjs/styles/mono-blue.css'
2015-02-27 11:36:45: 新建复制 '/Users/Otis/Documents/MWebSites/Coder For Art/asset/highlightjs/styles/monokai.css' -> 'ftp://qxu1146460084.my3w.com/htdocs/asset/highlightjs/styles/monokai.css'
2015-02-27 11:36:46: 新建复制 '/Users/Otis/Documents/MWebSites/Coder For Art/asset/highlightjs/styles/monokai_sublime.css' -> 'ftp://qxu1146460084.my3w.com/htdocs/asset/highlightjs/styles/monokai_sublime.css'
2015-02-27 11:36:47: 新建复制 '/Users/Otis/Documents/MWebSites/Coder For Art/asset/highlightjs/styles/obsidian.css' -> 'ftp://qxu1146460084.my3w.com/htdocs/asset/highlightjs/styles/obsidian.css'
2015-02-27 11:36:48: 新建复制 '/Users/Otis/Documents/MWebSites/Coder For Art/asset/highlightjs/styles/paraiso.dark.css' -> 'ftp://qxu1146460084.my3w.com/htdocs/asset/highlightjs/styles/paraiso.dark.css'
2015-02-27 11:36:49: 新建复制 '/Users/Otis/Documents/MWebSites/Coder For Art/asset/highlightjs/styles/paraiso.light.css' -> 'ftp://qxu1146460084.my3w.com/htdocs/asset/highlightjs/styles/paraiso.light.css'
2015-02-27 11:36:50: 新建复制 '/Users/Otis/Documents/MWebSites/Coder For Art/asset/highlightjs/styles/pojoaque.css' -> 'ftp://qxu1146460084.my3w.com/htdocs/asset/highlightjs/styles/pojoaque.css'
2015-02-27 11:36:52: 新建复制 '/Users/Otis/Documents/MWebSites/Coder For Art/asset/highlightjs/styles/pojoaque.jpg' -> 'ftp://qxu1146460084.my3w.com/htdocs/asset/highlightjs/styles/pojoaque.jpg'
2015-02-27 11:36:53: 新建复制 '/Users/Otis/Documents/MWebSites/Coder For Art/asset/highlightjs/styles/railscasts.css' -> 'ftp://qxu1146460084.my3w.com/htdocs/asset/highlightjs/styles/railscasts.css'
2015-02-27 11:36:54: 新建复制 '/Users/Otis/Documents/MWebSites/Coder For Art/asset/highlightjs/styles/rainbow.css' -> 'ftp://qxu1146460084.my3w.com/htdocs/asset/highlightjs/styles/rainbow.css'
2015-02-27 11:36:55: 新建复制 '/Users/Otis/Documents/MWebSites/Coder For Art/asset/highlightjs/styles/school_book.css' -> 'ftp://qxu1146460084.my3w.com/htdocs/asset/highlightjs/styles/school_book.css'
2015-02-27 11:36:56: 新建复制 '/Users/Otis/Documents/MWebSites/Coder For Art/asset/highlightjs/styles/school_book.png' -> 'ftp://qxu1146460084.my3w.com/htdocs/asset/highlightjs/styles/school_book.png'
2015-02-27 11:36:57: 新建复制 '/Users/Otis/Documents/MWebSites/Coder For Art/asset/highlightjs/styles/solarized_dark.css' -> 'ftp://qxu1146460084.my3w.com/htdocs/asset/highlightjs/styles/solarized_dark.css'
2015-02-27 11:36:58: 新建复制 '/Users/Otis/Documents/MWebSites/Coder For Art/asset/highlightjs/styles/solarized_light.css' -> 'ftp://qxu1146460084.my3w.com/htdocs/asset/highlightjs/styles/solarized_light.css'
2015-02-27 11:36:59: 新建复制 '/Users/Otis/Documents/MWebSites/Coder For Art/asset/highlightjs/styles/sunburst.css' -> 'ftp://qxu1146460084.my3w.com/htdocs/asset/highlightjs/styles/sunburst.css'
2015-02-27 11:37:01: 新建复制 '/Users/Otis/Documents/MWebSites/Coder For Art/asset/highlightjs/styles/tomorrow-night-blue.css' -> 'ftp://qxu1146460084.my3w.com/htdocs/asset/highlightjs/styles/tomorrow-night-blue.css'
2015-02-27 11:37:02: 新建复制 '/Users/Otis/Documents/MWebSites/Coder For Art/asset/highlightjs/styles/tomorrow-night-bright.css' -> 'ftp://qxu1146460084.my3w.com/htdocs/asset/highlightjs/styles/tomorrow-night-bright.css'
2015-02-27 11:37:03: 新建复制 '/Users/Otis/Documents/MWebSites/Coder For Art/asset/highlightjs/styles/tomorrow-night-eighties.css' -> 'ftp://qxu1146460084.my3w.com/htdocs/asset/highlightjs/styles/tomorrow-night-eighties.css'
2015-02-27 11:37:04: 新建复制 '/Users/Otis/Documents/MWebSites/Coder For Art/asset/highlightjs/styles/tomorrow-night.css' -> 'ftp://qxu1146460084.my3w.com/htdocs/asset/highlightjs/styles/tomorrow-night.css'
2015-02-27 11:37:05: 新建复制 '/Users/Otis/Documents/MWebSites/Coder For Art/asset/highlightjs/styles/tomorrow.css' -> 'ftp://qxu1146460084.my3w.com/htdocs/asset/highlightjs/styles/tomorrow.css'
2015-02-27 11:37:06: 新建复制 '/Users/Otis/Documents/MWebSites/Coder For Art/asset/highlightjs/styles/vs.css' -> 'ftp://qxu1146460084.my3w.com/htdocs/asset/highlightjs/styles/vs.css'
2015-02-27 11:37:07: 新建复制 '/Users/Otis/Documents/MWebSites/Coder For Art/asset/highlightjs/styles/xcode.css' -> 'ftp://qxu1146460084.my3w.com/htdocs/asset/highlightjs/styles/xcode.css'
2015-02-27 11:37:08: 新建复制 '/Users/Otis/Documents/MWebSites/Coder For Art/asset/highlightjs/styles/zenburn.css' -> 'ftp://qxu1146460084.my3w.com/htdocs/asset/highlightjs/styles/zenburn.css'
2015-02-27 11:37:11: 新建复制 '/Users/Otis/Documents/MWebSites/Coder For Art/asset/icon.jpg' -> 'ftp://qxu1146460084.my3w.com/htdocs/asset/icon.jpg'
2015-02-27 11:37:12: 新建复制 '/Users/Otis/Documents/MWebSites/Coder For Art/asset/images/fancybox/blank.gif' -> 'ftp://qxu1146460084.my3w.com/htdocs/asset/images/fancybox/blank.gif'
2015-02-27 11:37:13: 新建复制 '/Users/Otis/Documents/MWebSites/Coder For Art/asset/images/fancybox/fancybox_loading.gif' -> 'ftp://qxu1146460084.my3w.com/htdocs/asset/images/fancybox/fancybox_loading.gif'
2015-02-27 11:37:14: 新建复制 '/Users/Otis/Documents/MWebSites/Coder For Art/asset/images/fancybox/fancybox_sprite.png' -> 'ftp://qxu1146460084.my3w.com/htdocs/asset/images/fancybox/fancybox_sprite.png'
2015-02-27 11:37:15: 新建复制 '/Users/Otis/Documents/MWebSites/Coder For Art/asset/images/loading_gray.gif' -> 'ftp://qxu1146460084.my3w.com/htdocs/asset/images/loading_gray.gif'
2015-02-27 11:37:17: 新建复制 '/Users/Otis/Documents/MWebSites/Coder For Art/asset/images/loading_pacman.gif' -> 'ftp://qxu1146460084.my3w.com/htdocs/asset/images/loading_pacman.gif'
2015-02-27 11:37:18: 新建复制 '/Users/Otis/Documents/MWebSites/Coder For Art/asset/images/social/behance.png' -> 'ftp://qxu1146460084.my3w.com/htdocs/asset/images/social/behance.png'
2015-02-27 11:37:19: 新建复制 '/Users/Otis/Documents/MWebSites/Coder For Art/asset/images/social/coderwall.png' -> 'ftp://qxu1146460084.my3w.com/htdocs/asset/images/social/coderwall.png'
2015-02-27 11:37:20: 新建复制 '/Users/Otis/Documents/MWebSites/Coder For Art/asset/images/social/delicious.png' -> 'ftp://qxu1146460084.my3w.com/htdocs/asset/images/social/delicious.png'
2015-02-27 11:37:21: 新建复制 '/Users/Otis/Documents/MWebSites/Coder For Art/asset/images/social/douban.png' -> 'ftp://qxu1146460084.my3w.com/htdocs/asset/images/social/douban.png'
2015-02-27 11:37:22: 新建复制 '/Users/Otis/Documents/MWebSites/Coder For Art/asset/images/social/email.png' -> 'ftp://qxu1146460084.my3w.com/htdocs/asset/images/social/email.png'
2015-02-27 11:37:23: 新建复制 '/Users/Otis/Documents/MWebSites/Coder For Art/asset/images/social/facebook.png' -> 'ftp://qxu1146460084.my3w.com/htdocs/asset/images/social/facebook.png'
2015-02-27 11:37:24: 新建复制 '/Users/Otis/Documents/MWebSites/Coder For Art/asset/images/social/github.png' -> 'ftp://qxu1146460084.my3w.com/htdocs/asset/images/social/github.png'
2015-02-27 11:37:25: 新建复制 '/Users/Otis/Documents/MWebSites/Coder For Art/asset/images/social/google.png' -> 'ftp://qxu1146460084.my3w.com/htdocs/asset/images/social/google.png'
2015-02-27 11:37:27: 新建复制 '/Users/Otis/Documents/MWebSites/Coder For Art/asset/images/social/instagram.png' -> 'ftp://qxu1146460084.my3w.com/htdocs/asset/images/social/instagram.png'
2015-02-27 11:37:28: 新建复制 '/Users/Otis/Documents/MWebSites/Coder For Art/asset/images/social/linkedin.png' -> 'ftp://qxu1146460084.my3w.com/htdocs/asset/images/social/linkedin.png'
2015-02-27 11:37:29: 新建复制 '/Users/Otis/Documents/MWebSites/Coder For Art/asset/images/social/pinboard.png' -> 'ftp://qxu1146460084.my3w.com/htdocs/asset/images/social/pinboard.png'
2015-02-27 11:37:30: 新建复制 '/Users/Otis/Documents/MWebSites/Coder For Art/asset/images/social/pinterest.png' -> 'ftp://qxu1146460084.my3w.com/htdocs/asset/images/social/pinterest.png'
2015-02-27 11:37:31: 新建复制 '/Users/Otis/Documents/MWebSites/Coder For Art/asset/images/social/quora.png' -> 'ftp://qxu1146460084.my3w.com/htdocs/asset/images/social/quora.png'
2015-02-27 11:37:32: 新建复制 '/Users/Otis/Documents/MWebSites/Coder For Art/asset/images/social/rss.png' -> 'ftp://qxu1146460084.my3w.com/htdocs/asset/images/social/rss.png'
2015-02-27 11:37:33: 新建复制 '/Users/Otis/Documents/MWebSites/Coder For Art/asset/images/social/stackoverflow.png' -> 'ftp://qxu1146460084.my3w.com/htdocs/asset/images/social/stackoverflow.png'
2015-02-27 11:37:34: 新建复制 '/Users/Otis/Documents/MWebSites/Coder For Art/asset/images/social/twitter.png' -> 'ftp://qxu1146460084.my3w.com/htdocs/asset/images/social/twitter.png'
2015-02-27 11:37:35: 新建复制 '/Users/Otis/Documents/MWebSites/Coder For Art/asset/images/social/weibo.png' -> 'ftp://qxu1146460084.my3w.com/htdocs/asset/images/social/weibo.png'
2015-02-27 11:37:37: 新建复制 '/Users/Otis/Documents/MWebSites/Coder For Art/asset/images/social/weibo60.png' -> 'ftp://qxu1146460084.my3w.com/htdocs/asset/images/social/weibo60.png'
2015-02-27 11:37:38: 新建复制 '/Users/Otis/Documents/MWebSites/Coder For Art/asset/javascripts/html5.js' -> 'ftp://qxu1146460084.my3w.com/htdocs/asset/javascripts/html5.js'
2015-02-27 11:37:39: 新建复制 '/Users/Otis/Documents/MWebSites/Coder For Art/asset/javascripts/jquery.fancybox.pack.js' -> 'ftp://qxu1146460084.my3w.com/htdocs/asset/javascripts/jquery.fancybox.pack.js'
2015-02-27 11:37:42: 新建复制 '/Users/Otis/Documents/MWebSites/Coder For Art/asset/javascripts/jquery.min.js' -> 'ftp://qxu1146460084.my3w.com/htdocs/asset/javascripts/jquery.min.js'
2015-02-27 11:37:43: 新建复制 '/Users/Otis/Documents/MWebSites/Coder For Art/asset/javascripts/md5.js' -> 'ftp://qxu1146460084.my3w.com/htdocs/asset/javascripts/md5.js'
2015-02-27 11:37:44: 新建复制 '/Users/Otis/Documents/MWebSites/Coder For Art/asset/javascripts/slash.js' -> 'ftp://qxu1146460084.my3w.com/htdocs/asset/javascripts/slash.js'
2015-02-27 11:37:45: 新建复制 '/Users/Otis/Documents/MWebSites/Coder For Art/asset/javascripts/twitter.js' -> 'ftp://qxu1146460084.my3w.com/htdocs/asset/javascripts/twitter.js'
2015-02-27 11:37:47: 新建复制 '/Users/Otis/Documents/MWebSites/Coder For Art/asset/stylesheets/font-awesome.min.css' -> 'ftp://qxu1146460084.my3w.com/htdocs/asset/stylesheets/font-awesome.min.css'
2015-02-27 11:37:48: 新建复制 '/Users/Otis/Documents/MWebSites/Coder For Art/asset/stylesheets/screen.css' -> 'ftp://qxu1146460084.my3w.com/htdocs/asset/stylesheets/screen.css'
2015-02-27 11:37:51: 新建复制 '/Users/Otis/Documents/MWebSites/Coder For Art/atom.xml' -> 'ftp://qxu1146460084.my3w.com/htdocs/atom.xml'
2015-02-27 11:37:53: 新建复制 '/Users/Otis/Documents/MWebSites/Coder For Art/CG Artist.html' -> 'ftp://qxu1146460084.my3w.com/htdocs/CG Artist.html'
2015-02-27 11:37:54: 新建复制 '/Users/Otis/Documents/MWebSites/Coder For Art/CNAME' -> 'ftp://qxu1146460084.my3w.com/htdocs/CNAME'
2015-02-27 11:37:56: 新建复制 '/Users/Otis/Documents/MWebSites/Coder For Art/custom-site-theme-detail-temp.html' -> 'ftp://qxu1146460084.my3w.com/htdocs/custom-site-theme-detail-temp.html'
2015-02-27 11:37:57: 新建复制 '/Users/Otis/Documents/MWebSites/Coder For Art/custom-site-theme-detail-zh.html' -> 'ftp://qxu1146460084.my3w.com/htdocs/custom-site-theme-detail-zh.html'
2015-02-27 11:37:58: 新建复制 '/Users/Otis/Documents/MWebSites/Coder For Art/custom-site-theme-detail.html' -> 'ftp://qxu1146460084.my3w.com/htdocs/custom-site-theme-detail.html'
2015-02-27 11:38:00: 新建复制 '/Users/Otis/Documents/MWebSites/Coder For Art/Game Engine.html' -> 'ftp://qxu1146460084.my3w.com/htdocs/Game Engine.html'
2015-02-27 11:38:01: 新建复制 '/Users/Otis/Documents/MWebSites/Coder For Art/index.html' -> 'ftp://qxu1146460084.my3w.com/htdocs/index.html'
2015-02-27 11:38:02: 新建复制 '/Users/Otis/Documents/MWebSites/Coder For Art/insert-photos-and-display-in-editor-zh.html' -> 'ftp://qxu1146460084.my3w.com/htdocs/insert-photos-and-display-in-editor-zh.html'
2015-02-27 11:38:04: 新建复制 '/Users/Otis/Documents/MWebSites/Coder For Art/insert-photos-and-display-in-editor.html' -> 'ftp://qxu1146460084.my3w.com/htdocs/insert-photos-and-display-in-editor.html'
2015-02-27 11:38:05: 新建复制 '/Users/Otis/Documents/MWebSites/Coder For Art/introduction-mweb-zh.html' -> 'ftp://qxu1146460084.my3w.com/htdocs/introduction-mweb-zh.html'
2015-02-27 11:38:06: 新建复制 '/Users/Otis/Documents/MWebSites/Coder For Art/introduction-mweb.html' -> 'ftp://qxu1146460084.my3w.com/htdocs/introduction-mweb.html'
2015-02-27 11:38:08: 新建复制 '/Users/Otis/Documents/MWebSites/Coder For Art/Introduction.html' -> 'ftp://qxu1146460084.my3w.com/htdocs/Introduction.html'
2015-02-27 11:38:09: 新建复制 '/Users/Otis/Documents/MWebSites/Coder For Art/Introduction_1.html' -> 'ftp://qxu1146460084.my3w.com/htdocs/Introduction_1.html'
2015-02-27 11:38:10: 新建复制 '/Users/Otis/Documents/MWebSites/Coder For Art/make-a-simple-high-end-mac-ios-game.html' -> 'ftp://qxu1146460084.my3w.com/htdocs/make-a-simple-high-end-mac-ios-game.html'
2015-02-27 11:38:12: 新建复制 '/Users/Otis/Documents/MWebSites/Coder For Art/markdown-syntax-guide-full-version-zh.html' -> 'ftp://qxu1146460084.my3w.com/htdocs/markdown-syntax-guide-full-version-zh.html'
2015-02-27 11:38:14: 新建复制 '/Users/Otis/Documents/MWebSites/Coder For Art/markdown-syntax-guide-full-version.html' -> 'ftp://qxu1146460084.my3w.com/htdocs/markdown-syntax-guide-full-version.html'
2015-02-27 11:38:15: 新建复制 '/Users/Otis/Documents/MWebSites/Coder For Art/markdown-syntax-guide-suggest-version-zh.html' -> 'ftp://qxu1146460084.my3w.com/htdocs/markdown-syntax-guide-suggest-version-zh.html'
2015-02-27 11:38:16: 新建复制 '/Users/Otis/Documents/MWebSites/Coder For Art/markdown-syntax-guide-suggest-version.html' -> 'ftp://qxu1146460084.my3w.com/htdocs/markdown-syntax-guide-suggest-version.html'
2015-02-27 11:38:18: 新建复制 '/Users/Otis/Documents/MWebSites/Coder For Art/Markdown.html' -> 'ftp://qxu1146460084.my3w.com/htdocs/Markdown.html'
2015-02-27 11:38:19: 新建复制 '/Users/Otis/Documents/MWebSites/Coder For Art/me-screenshot-and-in-yosemite.html' -> 'ftp://qxu1146460084.my3w.com/htdocs/me-screenshot-and-in-yosemite.html'
2015-02-27 11:38:24: 新建复制 '/Users/Otis/Documents/MWebSites/Coder For Art/media/14187874991645/14187901333739.jpg' -> 'ftp://qxu1146460084.my3w.com/htdocs/media/14187874991645/14187901333739.jpg'
2015-02-27 11:38:28: 新建复制 '/Users/Otis/Documents/MWebSites/Coder For Art/media/14187874991645/14187905450028.jpg' -> 'ftp://qxu1146460084.my3w.com/htdocs/media/14187874991645/14187905450028.jpg'
2015-02-27 11:38:31: 新建复制 '/Users/Otis/Documents/MWebSites/Coder For Art/media/14187874991645/14187907020110.jpg' -> 'ftp://qxu1146460084.my3w.com/htdocs/media/14187874991645/14187907020110.jpg'
2015-02-27 11:38:32: 新建复制 '/Users/Otis/Documents/MWebSites/Coder For Art/media/14187874991645/14187948430792.jpg' -> 'ftp://qxu1146460084.my3w.com/htdocs/media/14187874991645/14187948430792.jpg'
2015-02-27 11:38:33: 新建复制 '/Users/Otis/Documents/MWebSites/Coder For Art/media/14187874991645/14187948786941.jpg' -> 'ftp://qxu1146460084.my3w.com/htdocs/media/14187874991645/14187948786941.jpg'
2015-02-27 11:38:34: 新建复制 '/Users/Otis/Documents/MWebSites/Coder For Art/media/14187874991645/14187949049763.jpg' -> 'ftp://qxu1146460084.my3w.com/htdocs/media/14187874991645/14187949049763.jpg'
2015-02-27 11:38:44: 新建复制 '/Users/Otis/Documents/MWebSites/Coder For Art/media/14187874991645/716_max.jpg' -> 'ftp://qxu1146460084.my3w.com/htdocs/media/14187874991645/716_max.jpg'
2015-02-27 11:38:49: 新建复制 '/Users/Otis/Documents/MWebSites/Coder For Art/media/14187874991645/editor-display-pictrue.jpg' -> 'ftp://qxu1146460084.my3w.com/htdocs/media/14187874991645/editor-display-pictrue.jpg'
2015-02-27 11:38:53: 新建复制 '/Users/Otis/Documents/MWebSites/Coder For Art/media/14187874991645/editor-insert-pictrue.jpg' -> 'ftp://qxu1146460084.my3w.com/htdocs/media/14187874991645/editor-insert-pictrue.jpg'
2015-02-27 11:39:05: 新建复制 '/Users/Otis/Documents/MWebSites/Coder For Art/media/14187874991645/MWeb-build-static-websites-and-blogs-1-1-2.jpg' -> 'ftp://qxu1146460084.my3w.com/htdocs/media/14187874991645/MWeb-build-static-websites-and-blogs-1-1-2.jpg'
2015-02-27 11:39:13: 新建复制 '/Users/Otis/Documents/MWebSites/Coder For Art/media/14187874991645/MWeb-preview-share-1-1.jpg' -> 'ftp://qxu1146460084.my3w.com/htdocs/media/14187874991645/MWeb-preview-share-1-1.jpg'
2015-02-27 11:39:20: 新建复制 '/Users/Otis/Documents/MWebSites/Coder For Art/media/14187874991645/preview-share.jpg' -> 'ftp://qxu1146460084.my3w.com/htdocs/media/14187874991645/preview-share.jpg'
2015-02-27 11:39:29: 新建复制 '/Users/Otis/Documents/MWebSites/Coder For Art/media/14187874991645/static-blogs.jpg' -> 'ftp://qxu1146460084.my3w.com/htdocs/media/14187874991645/static-blogs.jpg'
2015-02-27 11:39:51: 新建复制 '/Users/Otis/Documents/MWebSites/Coder For Art/media/14187874991645/view.png' -> 'ftp://qxu1146460084.my3w.com/htdocs/media/14187874991645/view.png'
2015-02-27 11:40:00: 新建复制 '/Users/Otis/Documents/MWebSites/Coder For Art/media/14189656825627/0.jpg' -> 'ftp://qxu1146460084.my3w.com/htdocs/media/14189656825627/0.jpg'
2015-02-27 11:40:08: 新建复制 '/Users/Otis/Documents/MWebSites/Coder For Art/media/14189656825627/1.jpg' -> 'ftp://qxu1146460084.my3w.com/htdocs/media/14189656825627/1.jpg'
2015-02-27 11:40:19: 新建复制 '/Users/Otis/Documents/MWebSites/Coder For Art/media/14189656825627/2.jpg' -> 'ftp://qxu1146460084.my3w.com/htdocs/media/14189656825627/2.jpg'
2015-02-27 11:40:31: 新建复制 '/Users/Otis/Documents/MWebSites/Coder For Art/media/14189656825627/3.jpg' -> 'ftp://qxu1146460084.my3w.com/htdocs/media/14189656825627/3.jpg'
2015-02-27 11:40:41: 新建复制 '/Users/Otis/Documents/MWebSites/Coder For Art/media/14189656825627/4.jpg' -> 'ftp://qxu1146460084.my3w.com/htdocs/media/14189656825627/4.jpg'
2015-02-27 11:40:52: 新建复制 '/Users/Otis/Documents/MWebSites/Coder For Art/media/14189656825627/5.jpg' -> 'ftp://qxu1146460084.my3w.com/htdocs/media/14189656825627/5.jpg'
2015-02-27 11:41:03: 新建复制 '/Users/Otis/Documents/MWebSites/Coder For Art/media/14189656825627/MWeb-build-static-websites-and-blogs.jpg' -> 'ftp://qxu1146460084.my3w.com/htdocs/media/14189656825627/MWeb-build-static-websites-and-blogs.jpg'
2015-02-27 11:41:14: 新建复制 '/Users/Otis/Documents/MWebSites/Coder For Art/media/14189656825627/MWeb-inset-photo.jpg' -> 'ftp://qxu1146460084.my3w.com/htdocs/media/14189656825627/MWeb-inset-photo.jpg'
2015-02-27 11:41:22: 新建复制 '/Users/Otis/Documents/MWebSites/Coder For Art/media/14189656825627/MWeb-markdown-editor.jpg' -> 'ftp://qxu1146460084.my3w.com/htdocs/media/14189656825627/MWeb-markdown-editor.jpg'
2015-02-27 11:41:33: 新建复制 '/Users/Otis/Documents/MWebSites/Coder For Art/media/14189656825627/MWeb-preview-share.jpg' -> 'ftp://qxu1146460084.my3w.com/htdocs/media/14189656825627/MWeb-preview-share.jpg'
2015-02-27 11:41:42: 新建复制 '/Users/Otis/Documents/MWebSites/Coder For Art/media/14189656825627/MWeb-view-pattern.jpg' -> 'ftp://qxu1146460084.my3w.com/htdocs/media/14189656825627/MWeb-view-pattern.jpg'
2015-02-27 11:41:52: 新建复制 '/Users/Otis/Documents/MWebSites/Coder For Art/media/14189656825627/MWeb.jpg' -> 'ftp://qxu1146460084.my3w.com/htdocs/media/14189656825627/MWeb.jpg'
2015-02-27 11:42:01: 新建复制 '/Users/Otis/Documents/MWebSites/Coder For Art/media/14189656825627/MWeb0.jpg' -> 'ftp://qxu1146460084.my3w.com/htdocs/media/14189656825627/MWeb0.jpg'
2015-02-27 11:42:04: 新建复制 '/Users/Otis/Documents/MWebSites/Coder For Art/media/14189904700669/14210659918568.jpg' -> 'ftp://qxu1146460084.my3w.com/htdocs/media/14189904700669/14210659918568.jpg'
2015-02-27 11:42:06: 新建复制 '/Users/Otis/Documents/MWebSites/Coder For Art/media/14195170907881/icon_apple_store-download-small.png' -> 'ftp://qxu1146460084.my3w.com/htdocs/media/14195170907881/icon_apple_store-download-small.png'
2015-02-27 11:42:07: 新建复制 '/Users/Otis/Documents/MWebSites/Coder For Art/media/14195170907881/icon_apple_store-download.png' -> 'ftp://qxu1146460084.my3w.com/htdocs/media/14195170907881/icon_apple_store-download.png'
2015-02-27 11:43:41: 新建复制 '/Users/Otis/Documents/MWebSites/Coder For Art/media/14195170907881/MWeb-Lite.zip' -> 'ftp://qxu1146460084.my3w.com/htdocs/media/14195170907881/MWeb-Lite.zip'
2015-02-27 11:43:52: 新建复制 '/Users/Otis/Documents/MWebSites/Coder For Art/media/14206095675933/menus.jpg' -> 'ftp://qxu1146460084.my3w.com/htdocs/media/14206095675933/menus.jpg'
2015-02-27 11:44:01: 新建复制 '/Users/Otis/Documents/MWebSites/Coder For Art/media/14206095675933/preferences.jpg' -> 'ftp://qxu1146460084.my3w.com/htdocs/media/14206095675933/preferences.jpg'
2015-02-27 11:44:08: 新建复制 '/Users/Otis/Documents/MWebSites/Coder For Art/media/14206095675933/yosemite-01.jpg' -> 'ftp://qxu1146460084.my3w.com/htdocs/media/14206095675933/yosemite-01.jpg'
2015-02-27 11:44:16: 新建复制 '/Users/Otis/Documents/MWebSites/Coder For Art/media/14206095675933/yosemite-02.jpg' -> 'ftp://qxu1146460084.my3w.com/htdocs/media/14206095675933/yosemite-02.jpg'
2015-02-27 11:44:18: 新建复制 '/Users/Otis/Documents/MWebSites/Coder For Art/media/14206135238767/14227577752365.jpg' -> 'ftp://qxu1146460084.my3w.com/htdocs/media/14206135238767/14227577752365.jpg'
2015-02-27 11:44:21: 新建复制 '/Users/Otis/Documents/MWebSites/Coder For Art/media/14213891828854/14214041748379.jpg' -> 'ftp://qxu1146460084.my3w.com/htdocs/media/14213891828854/14214041748379.jpg'
2015-02-27 11:44:25: 新建复制 '/Users/Otis/Documents/MWebSites/Coder For Art/media/14213891828854/14215892261441.jpg' -> 'ftp://qxu1146460084.my3w.com/htdocs/media/14213891828854/14215892261441.jpg'
2015-02-27 11:44:26: 新建复制 '/Users/Otis/Documents/MWebSites/Coder For Art/media/14213891828854/14215898337076.jpg' -> 'ftp://qxu1146460084.my3w.com/htdocs/media/14213891828854/14215898337076.jpg'
2015-02-27 11:44:31: 新建复制 '/Users/Otis/Documents/MWebSites/Coder For Art/media/14213891828854/Snip20150118_4.png' -> 'ftp://qxu1146460084.my3w.com/htdocs/media/14213891828854/Snip20150118_4.png'
2015-02-27 11:44:39: 新建复制 '/Users/Otis/Documents/MWebSites/Coder For Art/media/14216489427773/Snip20150119_5.png' -> 'ftp://qxu1146460084.my3w.com/htdocs/media/14216489427773/Snip20150119_5.png'
2015-02-27 11:44:47: 新建复制 '/Users/Otis/Documents/MWebSites/Coder For Art/media/14216489427773/Snip20150119_6.png' -> 'ftp://qxu1146460084.my3w.com/htdocs/media/14216489427773/Snip20150119_6.png'
2015-02-27 11:44:50: 新建复制 '/Users/Otis/Documents/MWebSites/Coder For Art/media/14218059079784/5bf24facgw1eo0sjmlsiwj20uk0hoju2.jpg' -> 'ftp://qxu1146460084.my3w.com/htdocs/media/14218059079784/5bf24facgw1eo0sjmlsiwj20uk0hoju2.jpg'
2015-02-27 11:44:52: 新建复制 '/Users/Otis/Documents/MWebSites/Coder For Art/media/14218059079784/5bf24facgw1eo0sjsnjb6j20dw0cnta3.jpg' -> 'ftp://qxu1146460084.my3w.com/htdocs/media/14218059079784/5bf24facgw1eo0sjsnjb6j20dw0cnta3.jpg'
2015-02-27 11:44:54: 新建复制 '/Users/Otis/Documents/MWebSites/Coder For Art/media/14224153855854/14224159407048.jpg' -> 'ftp://qxu1146460084.my3w.com/htdocs/media/14224153855854/14224159407048.jpg'
2015-02-27 11:44:56: 新建复制 '/Users/Otis/Documents/MWebSites/Coder For Art/media/14224153855854/14224164068185.jpg' -> 'ftp://qxu1146460084.my3w.com/htdocs/media/14224153855854/14224164068185.jpg'
2015-02-27 11:44:58: 新建复制 '/Users/Otis/Documents/MWebSites/Coder For Art/media/14224153855854/14224167094764.jpg' -> 'ftp://qxu1146460084.my3w.com/htdocs/media/14224153855854/14224167094764.jpg'
2015-02-27 11:45:01: 新建复制 '/Users/Otis/Documents/MWebSites/Coder For Art/media/14224153855854/14224167472996.jpg' -> 'ftp://qxu1146460084.my3w.com/htdocs/media/14224153855854/14224167472996.jpg'
2015-02-27 11:45:03: 新建复制 '/Users/Otis/Documents/MWebSites/Coder For Art/media/14224153855854/14224170128740.jpg' -> 'ftp://qxu1146460084.my3w.com/htdocs/media/14224153855854/14224170128740.jpg'
2015-02-27 11:45:05: 新建复制 '/Users/Otis/Documents/MWebSites/Coder For Art/media/14224153855854/14224172504947.jpg' -> 'ftp://qxu1146460084.my3w.com/htdocs/media/14224153855854/14224172504947.jpg'
2015-02-27 11:45:08: 新建复制 '/Users/Otis/Documents/MWebSites/Coder For Art/media/14224153855854/14224176047741.jpg' -> 'ftp://qxu1146460084.my3w.com/htdocs/media/14224153855854/14224176047741.jpg'
2015-02-27 11:45:10: 新建复制 '/Users/Otis/Documents/MWebSites/Coder For Art/media/14224153855854/14224181872446.jpg' -> 'ftp://qxu1146460084.my3w.com/htdocs/media/14224153855854/14224181872446.jpg'
2015-02-27 11:45:12: 新建复制 '/Users/Otis/Documents/MWebSites/Coder For Art/media/14224153855854/14224187391174.jpg' -> 'ftp://qxu1146460084.my3w.com/htdocs/media/14224153855854/14224187391174.jpg'
2015-02-27 11:45:14: 新建复制 '/Users/Otis/Documents/MWebSites/Coder For Art/media/14224153855854/14224192721298.jpg' -> 'ftp://qxu1146460084.my3w.com/htdocs/media/14224153855854/14224192721298.jpg'
2015-02-27 11:45:18: 新建复制 '/Users/Otis/Documents/MWebSites/Coder For Art/media/14229369882579/14229376408401.jpg' -> 'ftp://qxu1146460084.my3w.com/htdocs/media/14229369882579/14229376408401.jpg'
2015-02-27 11:45:19: 新建复制 '/Users/Otis/Documents/MWebSites/Coder For Art/media/14229369882579/14229376940910.jpg' -> 'ftp://qxu1146460084.my3w.com/htdocs/media/14229369882579/14229376940910.jpg'
2015-02-27 11:45:23: 新建复制 '/Users/Otis/Documents/MWebSites/Coder For Art/media/14229369882579/14229393304301.jpg' -> 'ftp://qxu1146460084.my3w.com/htdocs/media/14229369882579/14229393304301.jpg'
2015-02-27 11:45:27: 新建复制 '/Users/Otis/Documents/MWebSites/Coder For Art/media/14229369882579/14229395629085.jpg' -> 'ftp://qxu1146460084.my3w.com/htdocs/media/14229369882579/14229395629085.jpg'
2015-02-27 11:45:29: 新建复制 '/Users/Otis/Documents/MWebSites/Coder For Art/media/14233888581377/14233974412288.jpg' -> 'ftp://qxu1146460084.my3w.com/htdocs/media/14233888581377/14233974412288.jpg'
2015-02-27 11:45:31: 新建复制 '/Users/Otis/Documents/MWebSites/Coder For Art/media/14233888581377/14233984379844.jpg' -> 'ftp://qxu1146460084.my3w.com/htdocs/media/14233888581377/14233984379844.jpg'
2015-02-27 11:45:33: 新建复制 '/Users/Otis/Documents/MWebSites/Coder For Art/media/14233888581377/14233991891638.jpg' -> 'ftp://qxu1146460084.my3w.com/htdocs/media/14233888581377/14233991891638.jpg'
2015-02-27 11:45:35: 新建复制 '/Users/Otis/Documents/MWebSites/Coder For Art/media/14233888581377/14233994590970.jpg' -> 'ftp://qxu1146460084.my3w.com/htdocs/media/14233888581377/14233994590970.jpg'
2015-02-27 11:45:36: 新建复制 '/Users/Otis/Documents/MWebSites/Coder For Art/media/14233888581377/14233994913622.jpg' -> 'ftp://qxu1146460084.my3w.com/htdocs/media/14233888581377/14233994913622.jpg'
2015-02-27 11:45:41: 新建复制 '/Users/Otis/Documents/MWebSites/Coder For Art/media/14233888581377/14233999928601.jpg' -> 'ftp://qxu1146460084.my3w.com/htdocs/media/14233888581377/14233999928601.jpg'
2015-02-27 11:45:46: 新建复制 '/Users/Otis/Documents/MWebSites/Coder For Art/media/14233888581377/14234006629706.jpg' -> 'ftp://qxu1146460084.my3w.com/htdocs/media/14233888581377/14234006629706.jpg'
2015-02-27 11:45:48: 新建复制 '/Users/Otis/Documents/MWebSites/Coder For Art/MWeb-cat.html' -> 'ftp://qxu1146460084.my3w.com/htdocs/MWeb-cat.html'
2015-02-27 11:45:49: 新建复制 '/Users/Otis/Documents/MWebSites/Coder For Art/MWeb-cat_1.html' -> 'ftp://qxu1146460084.my3w.com/htdocs/MWeb-cat_1.html'
2015-02-27 11:45:50: 新建复制 '/Users/Otis/Documents/MWebSites/Coder For Art/MWeb-cat_2.html' -> 'ftp://qxu1146460084.my3w.com/htdocs/MWeb-cat_2.html'
2015-02-27 11:45:52: 新建复制 '/Users/Otis/Documents/MWebSites/Coder For Art/mweb-qa-zh.html' -> 'ftp://qxu1146460084.my3w.com/htdocs/mweb-qa-zh.html'
2015-02-27 11:45:53: 新建复制 '/Users/Otis/Documents/MWebSites/Coder For Art/mweb-qa.html' -> 'ftp://qxu1146460084.my3w.com/htdocs/mweb-qa.html'
2015-02-27 11:45:54: 新建复制 '/Users/Otis/Documents/MWebSites/Coder For Art/mweb-v1.1-release-zh.html' -> 'ftp://qxu1146460084.my3w.com/htdocs/mweb-v1.1-release-zh.html'
2015-02-27 11:45:55: 新建复制 '/Users/Otis/Documents/MWebSites/Coder For Art/mweb-v1.1-release.html' -> 'ftp://qxu1146460084.my3w.com/htdocs/mweb-v1.1-release.html'
2015-02-27 11:45:57: 新建复制 '/Users/Otis/Documents/MWebSites/Coder For Art/mweb-v1.2-release-zh.html' -> 'ftp://qxu1146460084.my3w.com/htdocs/mweb-v1.2-release-zh.html'
2015-02-27 11:45:58: 新建复制 '/Users/Otis/Documents/MWebSites/Coder For Art/mweb-v1.2-release.html' -> 'ftp://qxu1146460084.my3w.com/htdocs/mweb-v1.2-release.html'
2015-02-27 11:45:59: 新建复制 '/Users/Otis/Documents/MWebSites/Coder For Art/mweb-zh.html' -> 'ftp://qxu1146460084.my3w.com/htdocs/mweb-zh.html'
2015-02-27 11:46:00: 新建复制 '/Users/Otis/Documents/MWebSites/Coder For Art/mweb.html' -> 'ftp://qxu1146460084.my3w.com/htdocs/mweb.html'
2015-02-27 11:46:02: 新建复制 '/Users/Otis/Documents/MWebSites/Coder For Art/Other.html' -> 'ftp://qxu1146460084.my3w.com/htdocs/Other.html'
2015-02-27 11:46:03: 新建复制 '/Users/Otis/Documents/MWebSites/Coder For Art/README.md' -> 'ftp://qxu1146460084.my3w.com/htdocs/README.md'
2015-02-27 11:46:04: 新建复制 '/Users/Otis/Documents/MWebSites/Coder For Art/sitemap.xml' -> 'ftp://qxu1146460084.my3w.com/htdocs/sitemap.xml'
2015-02-27 11:46:05: 新建复制 '/Users/Otis/Documents/MWebSites/Coder For Art/sync-webistes-to-github-or-ftp-zh.html' -> 'ftp://qxu1146460084.my3w.com/htdocs/sync-webistes-to-github-or-ftp-zh.html'
2015-02-27 11:46:07: 新建复制 '/Users/Otis/Documents/MWebSites/Coder For Art/unrealengine4-windows-mac.html' -> 'ftp://qxu1146460084.my3w.com/htdocs/unrealengine4-windows-mac.html'
2015-02-27 11:46:10: ===== ：同步完毕。时间：00:10:31，速度： 42.4 KB/s =====, 项目同步未必： 222，错误： 0
2015-02-27 11:46:11: 
