2015-02-27 13:15:25: -- Analysis Started by On File Change Incremental
2015-02-27 13:15:27: Changes: 87, Conflicts: 0, CopyTime: 0, CopyState: 0/0, Errors: 0, All: 321
2015-02-27 13:15:27: Left to Right: Copy File: 87 
2015-02-27 13:15:27: == Sync Started by On File Change Incremental
2015-02-27 13:15:27: Create Folder 'ftp://qxu1146460084.my3w.com/htdocs/.git'
2015-02-27 13:15:27: Create Folder 'ftp://qxu1146460084.my3w.com/htdocs/.git/logs'
2015-02-27 13:15:27: Create Folder 'ftp://qxu1146460084.my3w.com/htdocs/.git/logs/refs'
2015-02-27 13:15:27: Create Folder 'ftp://qxu1146460084.my3w.com/htdocs/.git/logs/refs/heads'
2015-02-27 13:15:27: Create Folder 'ftp://qxu1146460084.my3w.com/htdocs/.git/logs/refs/remotes'
2015-02-27 13:15:27: Create Folder 'ftp://qxu1146460084.my3w.com/htdocs/.git/logs/refs/remotes/origin'
2015-02-27 13:15:27: Create Folder 'ftp://qxu1146460084.my3w.com/htdocs/.git/objects'
2015-02-27 13:15:28: Create Folder 'ftp://qxu1146460084.my3w.com/htdocs/.git/objects/03'
2015-02-27 13:15:28: Create Folder 'ftp://qxu1146460084.my3w.com/htdocs/.git/objects/0b'
2015-02-27 13:15:28: Create Folder 'ftp://qxu1146460084.my3w.com/htdocs/.git/objects/0d'
2015-02-27 13:15:28: Create Folder 'ftp://qxu1146460084.my3w.com/htdocs/.git/objects/10'
2015-02-27 13:15:28: Create Folder 'ftp://qxu1146460084.my3w.com/htdocs/.git/objects/25'
2015-02-27 13:15:28: Create Folder 'ftp://qxu1146460084.my3w.com/htdocs/.git/objects/26'
2015-02-27 13:15:28: Create Folder 'ftp://qxu1146460084.my3w.com/htdocs/.git/objects/42'
2015-02-27 13:15:28: Create Folder 'ftp://qxu1146460084.my3w.com/htdocs/.git/objects/4b'
2015-02-27 13:15:28: Create Folder 'ftp://qxu1146460084.my3w.com/htdocs/.git/objects/4c'
2015-02-27 13:15:28: Create Folder 'ftp://qxu1146460084.my3w.com/htdocs/.git/objects/5d'
2015-02-27 13:15:28: Create Folder 'ftp://qxu1146460084.my3w.com/htdocs/.git/objects/66'
2015-02-27 13:15:29: Create Folder 'ftp://qxu1146460084.my3w.com/htdocs/.git/objects/6d'
2015-02-27 13:15:29: Create Folder 'ftp://qxu1146460084.my3w.com/htdocs/.git/objects/7a'
2015-02-27 13:15:29: Create Folder 'ftp://qxu1146460084.my3w.com/htdocs/.git/objects/7c'
2015-02-27 13:15:29: Create Folder 'ftp://qxu1146460084.my3w.com/htdocs/.git/objects/83'
2015-02-27 13:15:29: Create Folder 'ftp://qxu1146460084.my3w.com/htdocs/.git/objects/85'
2015-02-27 13:15:29: Create Folder 'ftp://qxu1146460084.my3w.com/htdocs/.git/objects/89'
2015-02-27 13:15:29: Create Folder 'ftp://qxu1146460084.my3w.com/htdocs/.git/objects/9a'
2015-02-27 13:15:29: Create Folder 'ftp://qxu1146460084.my3w.com/htdocs/.git/objects/c0'
2015-02-27 13:15:29: Create Folder 'ftp://qxu1146460084.my3w.com/htdocs/.git/objects/c2'
2015-02-27 13:15:29: Create Folder 'ftp://qxu1146460084.my3w.com/htdocs/.git/objects/c4'
2015-02-27 13:15:29: Create Folder 'ftp://qxu1146460084.my3w.com/htdocs/.git/objects/d2'
2015-02-27 13:15:30: Create Folder 'ftp://qxu1146460084.my3w.com/htdocs/.git/objects/d8'
2015-02-27 13:15:30: Create Folder 'ftp://qxu1146460084.my3w.com/htdocs/.git/objects/ea'
2015-02-27 13:15:30: Create Folder 'ftp://qxu1146460084.my3w.com/htdocs/.git/objects/ee'
2015-02-27 13:15:30: Create Folder 'ftp://qxu1146460084.my3w.com/htdocs/.git/objects/f2'
2015-02-27 13:15:30: Create Folder 'ftp://qxu1146460084.my3w.com/htdocs/.git/objects/fa'
2015-02-27 13:15:30: Create Folder 'ftp://qxu1146460084.my3w.com/htdocs/.git/objects/ff'
2015-02-27 13:15:30: Create Folder 'ftp://qxu1146460084.my3w.com/htdocs/.git/refs'
2015-02-27 13:15:30: Create Folder 'ftp://qxu1146460084.my3w.com/htdocs/.git/refs/heads'
2015-02-27 13:15:30: Create Folder 'ftp://qxu1146460084.my3w.com/htdocs/.git/refs/remotes'
2015-02-27 13:15:30: Create Folder 'ftp://qxu1146460084.my3w.com/htdocs/.git/refs/remotes/origin'
2015-02-27 13:15:30: Create Folder 'ftp://qxu1146460084.my3w.com/htdocs/media/14250057502319'
2015-02-27 13:15:31: Create Folder 'ftp://qxu1146460084.my3w.com/htdocs/media/14250096857643'
2015-02-27 13:15:33: Copy Over '/Users/Otis/Documents/MWebSites/Coder For Art/aliyun-net-cn-free-web-host-express.html' -> 'ftp://qxu1146460084.my3w.com/htdocs/aliyun-net-cn-free-web-host-express.html'
2015-02-27 13:15:35: Copy Over '/Users/Otis/Documents/MWebSites/Coder For Art/all.html' -> 'ftp://qxu1146460084.my3w.com/htdocs/all.html'
2015-02-27 13:15:36: Copy Over '/Users/Otis/Documents/MWebSites/Coder For Art/all_1.html' -> 'ftp://qxu1146460084.my3w.com/htdocs/all_1.html'
2015-02-27 13:15:38: Copy Over '/Users/Otis/Documents/MWebSites/Coder For Art/all_2.html' -> 'ftp://qxu1146460084.my3w.com/htdocs/all_2.html'
2015-02-27 13:15:39: Copy Over '/Users/Otis/Documents/MWebSites/Coder For Art/archives.html' -> 'ftp://qxu1146460084.my3w.com/htdocs/archives.html'
2015-02-27 13:15:42: Copy Over '/Users/Otis/Documents/MWebSites/Coder For Art/atom.xml' -> 'ftp://qxu1146460084.my3w.com/htdocs/atom.xml'
2015-02-27 13:15:43: Copy Over '/Users/Otis/Documents/MWebSites/Coder For Art/CG Artist.html' -> 'ftp://qxu1146460084.my3w.com/htdocs/CG Artist.html'
2015-02-27 13:15:45: Copy Over '/Users/Otis/Documents/MWebSites/Coder For Art/custom-site-theme-detail-temp.html' -> 'ftp://qxu1146460084.my3w.com/htdocs/custom-site-theme-detail-temp.html'
2015-02-27 13:15:46: Copy Over '/Users/Otis/Documents/MWebSites/Coder For Art/custom-site-theme-detail-zh.html' -> 'ftp://qxu1146460084.my3w.com/htdocs/custom-site-theme-detail-zh.html'
2015-02-27 13:15:48: Copy Over '/Users/Otis/Documents/MWebSites/Coder For Art/custom-site-theme-detail.html' -> 'ftp://qxu1146460084.my3w.com/htdocs/custom-site-theme-detail.html'
2015-02-27 13:15:49: Copy Over '/Users/Otis/Documents/MWebSites/Coder For Art/Game Engine.html' -> 'ftp://qxu1146460084.my3w.com/htdocs/Game Engine.html'
2015-02-27 13:15:51: Copy Over '/Users/Otis/Documents/MWebSites/Coder For Art/index.html' -> 'ftp://qxu1146460084.my3w.com/htdocs/index.html'
2015-02-27 13:15:52: Copy Over '/Users/Otis/Documents/MWebSites/Coder For Art/insert-photos-and-display-in-editor-zh.html' -> 'ftp://qxu1146460084.my3w.com/htdocs/insert-photos-and-display-in-editor-zh.html'
2015-02-27 13:15:54: Copy Over '/Users/Otis/Documents/MWebSites/Coder For Art/insert-photos-and-display-in-editor.html' -> 'ftp://qxu1146460084.my3w.com/htdocs/insert-photos-and-display-in-editor.html'
2015-02-27 13:15:55: Copy Over '/Users/Otis/Documents/MWebSites/Coder For Art/introduction-mweb-zh.html' -> 'ftp://qxu1146460084.my3w.com/htdocs/introduction-mweb-zh.html'
2015-02-27 13:15:57: Copy Over '/Users/Otis/Documents/MWebSites/Coder For Art/introduction-mweb.html' -> 'ftp://qxu1146460084.my3w.com/htdocs/introduction-mweb.html'
2015-02-27 13:15:59: Copy Over '/Users/Otis/Documents/MWebSites/Coder For Art/Introduction.html' -> 'ftp://qxu1146460084.my3w.com/htdocs/Introduction.html'
2015-02-27 13:16:00: Copy Over '/Users/Otis/Documents/MWebSites/Coder For Art/Introduction_1.html' -> 'ftp://qxu1146460084.my3w.com/htdocs/Introduction_1.html'
2015-02-27 13:16:02: Copy Over '/Users/Otis/Documents/MWebSites/Coder For Art/make-a-simple-high-end-mac-ios-game.html' -> 'ftp://qxu1146460084.my3w.com/htdocs/make-a-simple-high-end-mac-ios-game.html'
2015-02-27 13:16:04: Copy Over '/Users/Otis/Documents/MWebSites/Coder For Art/markdown-syntax-guide-full-version-zh.html' -> 'ftp://qxu1146460084.my3w.com/htdocs/markdown-syntax-guide-full-version-zh.html'
2015-02-27 13:16:06: Copy Over '/Users/Otis/Documents/MWebSites/Coder For Art/markdown-syntax-guide-full-version.html' -> 'ftp://qxu1146460084.my3w.com/htdocs/markdown-syntax-guide-full-version.html'
2015-02-27 13:16:07: Copy Over '/Users/Otis/Documents/MWebSites/Coder For Art/markdown-syntax-guide-suggest-version-zh.html' -> 'ftp://qxu1146460084.my3w.com/htdocs/markdown-syntax-guide-suggest-version-zh.html'
2015-02-27 13:16:09: Copy Over '/Users/Otis/Documents/MWebSites/Coder For Art/markdown-syntax-guide-suggest-version.html' -> 'ftp://qxu1146460084.my3w.com/htdocs/markdown-syntax-guide-suggest-version.html'
2015-02-27 13:16:10: Copy Over '/Users/Otis/Documents/MWebSites/Coder For Art/Markdown.html' -> 'ftp://qxu1146460084.my3w.com/htdocs/Markdown.html'
2015-02-27 13:16:12: Copy Over '/Users/Otis/Documents/MWebSites/Coder For Art/me-screenshot-and-in-yosemite.html' -> 'ftp://qxu1146460084.my3w.com/htdocs/me-screenshot-and-in-yosemite.html'
2015-02-27 13:16:14: Copy New '/Users/Otis/Documents/MWebSites/Coder For Art/media/14250057502319/14250078774218.jpg' -> 'ftp://qxu1146460084.my3w.com/htdocs/media/14250057502319/14250078774218.jpg'
2015-02-27 13:16:18: Copy New '/Users/Otis/Documents/MWebSites/Coder For Art/media/14250057502319/14250082156068.jpg' -> 'ftp://qxu1146460084.my3w.com/htdocs/media/14250057502319/14250082156068.jpg'
2015-02-27 13:16:21: Copy New '/Users/Otis/Documents/MWebSites/Coder For Art/media/14250096857643/14250109782773.jpg' -> 'ftp://qxu1146460084.my3w.com/htdocs/media/14250096857643/14250109782773.jpg'
2015-02-27 13:16:25: Copy New '/Users/Otis/Documents/MWebSites/Coder For Art/media/14250096857643/14250112704266.jpg' -> 'ftp://qxu1146460084.my3w.com/htdocs/media/14250096857643/14250112704266.jpg'
2015-02-27 13:16:27: Copy Over '/Users/Otis/Documents/MWebSites/Coder For Art/MWeb-cat.html' -> 'ftp://qxu1146460084.my3w.com/htdocs/MWeb-cat.html'
2015-02-27 13:16:28: Copy Over '/Users/Otis/Documents/MWebSites/Coder For Art/MWeb-cat_1.html' -> 'ftp://qxu1146460084.my3w.com/htdocs/MWeb-cat_1.html'
2015-02-27 13:16:30: Copy Over '/Users/Otis/Documents/MWebSites/Coder For Art/MWeb-cat_2.html' -> 'ftp://qxu1146460084.my3w.com/htdocs/MWeb-cat_2.html'
2015-02-27 13:16:31: Copy Over '/Users/Otis/Documents/MWebSites/Coder For Art/mweb-qa-zh.html' -> 'ftp://qxu1146460084.my3w.com/htdocs/mweb-qa-zh.html'
2015-02-27 13:16:33: Copy Over '/Users/Otis/Documents/MWebSites/Coder For Art/mweb-qa.html' -> 'ftp://qxu1146460084.my3w.com/htdocs/mweb-qa.html'
2015-02-27 13:16:34: Copy Over '/Users/Otis/Documents/MWebSites/Coder For Art/mweb-v1.1-release-zh.html' -> 'ftp://qxu1146460084.my3w.com/htdocs/mweb-v1.1-release-zh.html'
2015-02-27 13:16:36: Copy Over '/Users/Otis/Documents/MWebSites/Coder For Art/mweb-v1.1-release.html' -> 'ftp://qxu1146460084.my3w.com/htdocs/mweb-v1.1-release.html'
2015-02-27 13:16:37: Copy Over '/Users/Otis/Documents/MWebSites/Coder For Art/mweb-v1.2-release-zh.html' -> 'ftp://qxu1146460084.my3w.com/htdocs/mweb-v1.2-release-zh.html'
2015-02-27 13:16:39: Copy Over '/Users/Otis/Documents/MWebSites/Coder For Art/mweb-v1.2-release.html' -> 'ftp://qxu1146460084.my3w.com/htdocs/mweb-v1.2-release.html'
2015-02-27 13:16:40: Copy Over '/Users/Otis/Documents/MWebSites/Coder For Art/mweb-zh.html' -> 'ftp://qxu1146460084.my3w.com/htdocs/mweb-zh.html'
2015-02-27 13:16:42: Copy Over '/Users/Otis/Documents/MWebSites/Coder For Art/mweb.html' -> 'ftp://qxu1146460084.my3w.com/htdocs/mweb.html'
2015-02-27 13:16:43: Copy Over '/Users/Otis/Documents/MWebSites/Coder For Art/Other.html' -> 'ftp://qxu1146460084.my3w.com/htdocs/Other.html'
2015-02-27 13:16:45: Copy Over '/Users/Otis/Documents/MWebSites/Coder For Art/sitemap.xml' -> 'ftp://qxu1146460084.my3w.com/htdocs/sitemap.xml'
2015-02-27 13:16:47: Copy Over '/Users/Otis/Documents/MWebSites/Coder For Art/sync-webistes-to-github-or-ftp-zh.html' -> 'ftp://qxu1146460084.my3w.com/htdocs/sync-webistes-to-github-or-ftp-zh.html'
2015-02-27 13:16:50: Copy Over '/Users/Otis/Documents/MWebSites/Coder For Art/unrealengine4-windows-mac.html' -> 'ftp://qxu1146460084.my3w.com/htdocs/unrealengine4-windows-mac.html'
2015-02-27 13:16:51: Copy New '/Users/Otis/Documents/MWebSites/Coder For Art/use-goodsync-sync-mweb-static-websites-zh.html' -> 'ftp://qxu1146460084.my3w.com/htdocs/use-goodsync-sync-mweb-static-websites-zh.html'
2015-02-27 13:16:53: Copy New '/Users/Otis/Documents/MWebSites/Coder For Art/use-goodsync-sync-mweb-static-websites.html' -> 'ftp://qxu1146460084.my3w.com/htdocs/use-goodsync-sync-mweb-static-websites.html'
2015-02-27 13:16:56: == Sync Complete. Time: 00:01:29, Speed: 14.2 KB/s, OK: 87, Errors: 0
2015-02-27 13:16:57: 
