2015-02-26 14:22:36: -- Analysis Started by On File Change Incremental
2015-02-26 14:22:37: Changes: 40, Conflicts: 0, CopyTime: 0, CopyState: 0/0, Errors: 0, All: 226
2015-02-26 14:22:37: Left to Right: Copy File: 40 
2015-02-26 14:22:37: == Sync Started by On File Change Incremental
2015-02-26 14:22:40: Copy Over '/Users/Otis/Documents/MWebSites/Coder For Art/aliyun-net-cn-free-web-host-express.html' -> 'ftp://qxu1146460084.my3w.com/htdocs/aliyun-net-cn-free-web-host-express.html'
2015-02-26 14:22:41: Copy Over '/Users/Otis/Documents/MWebSites/Coder For Art/all.html' -> 'ftp://qxu1146460084.my3w.com/htdocs/all.html'
2015-02-26 14:22:43: Copy Over '/Users/Otis/Documents/MWebSites/Coder For Art/all_1.html' -> 'ftp://qxu1146460084.my3w.com/htdocs/all_1.html'
2015-02-26 14:22:44: Copy Over '/Users/Otis/Documents/MWebSites/Coder For Art/all_2.html' -> 'ftp://qxu1146460084.my3w.com/htdocs/all_2.html'
2015-02-26 14:22:46: Copy Over '/Users/Otis/Documents/MWebSites/Coder For Art/archives.html' -> 'ftp://qxu1146460084.my3w.com/htdocs/archives.html'
2015-02-26 14:22:49: Copy Over '/Users/Otis/Documents/MWebSites/Coder For Art/atom.xml' -> 'ftp://qxu1146460084.my3w.com/htdocs/atom.xml'
2015-02-26 14:22:50: Copy Over '/Users/Otis/Documents/MWebSites/Coder For Art/CG Artist.html' -> 'ftp://qxu1146460084.my3w.com/htdocs/CG Artist.html'
2015-02-26 14:22:52: Copy Over '/Users/Otis/Documents/MWebSites/Coder For Art/custom-site-theme-detail-temp.html' -> 'ftp://qxu1146460084.my3w.com/htdocs/custom-site-theme-detail-temp.html'
2015-02-26 14:22:53: Copy Over '/Users/Otis/Documents/MWebSites/Coder For Art/custom-site-theme-detail-zh.html' -> 'ftp://qxu1146460084.my3w.com/htdocs/custom-site-theme-detail-zh.html'
2015-02-26 14:22:55: Copy Over '/Users/Otis/Documents/MWebSites/Coder For Art/custom-site-theme-detail.html' -> 'ftp://qxu1146460084.my3w.com/htdocs/custom-site-theme-detail.html'
2015-02-26 14:22:56: Copy Over '/Users/Otis/Documents/MWebSites/Coder For Art/Game Engine.html' -> 'ftp://qxu1146460084.my3w.com/htdocs/Game Engine.html'
2015-02-26 14:22:58: Copy Over '/Users/Otis/Documents/MWebSites/Coder For Art/index.html' -> 'ftp://qxu1146460084.my3w.com/htdocs/index.html'
2015-02-26 14:22:59: Copy Over '/Users/Otis/Documents/MWebSites/Coder For Art/insert-photos-and-display-in-editor-zh.html' -> 'ftp://qxu1146460084.my3w.com/htdocs/insert-photos-and-display-in-editor-zh.html'
2015-02-26 14:23:00: Copy Over '/Users/Otis/Documents/MWebSites/Coder For Art/insert-photos-and-display-in-editor.html' -> 'ftp://qxu1146460084.my3w.com/htdocs/insert-photos-and-display-in-editor.html'
2015-02-26 14:23:02: Copy Over '/Users/Otis/Documents/MWebSites/Coder For Art/introduction-mweb-zh.html' -> 'ftp://qxu1146460084.my3w.com/htdocs/introduction-mweb-zh.html'
2015-02-26 14:23:04: Copy Over '/Users/Otis/Documents/MWebSites/Coder For Art/introduction-mweb.html' -> 'ftp://qxu1146460084.my3w.com/htdocs/introduction-mweb.html'
2015-02-26 14:23:05: Copy Over '/Users/Otis/Documents/MWebSites/Coder For Art/Introduction.html' -> 'ftp://qxu1146460084.my3w.com/htdocs/Introduction.html'
2015-02-26 14:23:07: Copy Over '/Users/Otis/Documents/MWebSites/Coder For Art/Introduction_1.html' -> 'ftp://qxu1146460084.my3w.com/htdocs/Introduction_1.html'
2015-02-26 14:23:08: Copy Over '/Users/Otis/Documents/MWebSites/Coder For Art/make-a-simple-high-end-mac-ios-game.html' -> 'ftp://qxu1146460084.my3w.com/htdocs/make-a-simple-high-end-mac-ios-game.html'
2015-02-26 14:23:10: Copy Over '/Users/Otis/Documents/MWebSites/Coder For Art/markdown-syntax-guide-full-version-zh.html' -> 'ftp://qxu1146460084.my3w.com/htdocs/markdown-syntax-guide-full-version-zh.html'
2015-02-26 14:23:12: Copy Over '/Users/Otis/Documents/MWebSites/Coder For Art/markdown-syntax-guide-full-version.html' -> 'ftp://qxu1146460084.my3w.com/htdocs/markdown-syntax-guide-full-version.html'
2015-02-26 14:23:13: Copy Over '/Users/Otis/Documents/MWebSites/Coder For Art/markdown-syntax-guide-suggest-version-zh.html' -> 'ftp://qxu1146460084.my3w.com/htdocs/markdown-syntax-guide-suggest-version-zh.html'
2015-02-26 14:23:15: Copy Over '/Users/Otis/Documents/MWebSites/Coder For Art/markdown-syntax-guide-suggest-version.html' -> 'ftp://qxu1146460084.my3w.com/htdocs/markdown-syntax-guide-suggest-version.html'
2015-02-26 14:23:16: Copy Over '/Users/Otis/Documents/MWebSites/Coder For Art/Markdown.html' -> 'ftp://qxu1146460084.my3w.com/htdocs/Markdown.html'
2015-02-26 14:23:18: Copy Over '/Users/Otis/Documents/MWebSites/Coder For Art/me-screenshot-and-in-yosemite.html' -> 'ftp://qxu1146460084.my3w.com/htdocs/me-screenshot-and-in-yosemite.html'
2015-02-26 14:23:19: Copy Over '/Users/Otis/Documents/MWebSites/Coder For Art/MWeb-cat.html' -> 'ftp://qxu1146460084.my3w.com/htdocs/MWeb-cat.html'
2015-02-26 14:23:21: Copy Over '/Users/Otis/Documents/MWebSites/Coder For Art/MWeb-cat_1.html' -> 'ftp://qxu1146460084.my3w.com/htdocs/MWeb-cat_1.html'
2015-02-26 14:23:22: Copy Over '/Users/Otis/Documents/MWebSites/Coder For Art/MWeb-cat_2.html' -> 'ftp://qxu1146460084.my3w.com/htdocs/MWeb-cat_2.html'
2015-02-26 14:23:23: Copy Over '/Users/Otis/Documents/MWebSites/Coder For Art/mweb-qa-zh.html' -> 'ftp://qxu1146460084.my3w.com/htdocs/mweb-qa-zh.html'
2015-02-26 14:23:25: Copy Over '/Users/Otis/Documents/MWebSites/Coder For Art/mweb-qa.html' -> 'ftp://qxu1146460084.my3w.com/htdocs/mweb-qa.html'
2015-02-26 14:23:26: Copy Over '/Users/Otis/Documents/MWebSites/Coder For Art/mweb-v1.1-release-zh.html' -> 'ftp://qxu1146460084.my3w.com/htdocs/mweb-v1.1-release-zh.html'
2015-02-26 14:23:27: Copy Over '/Users/Otis/Documents/MWebSites/Coder For Art/mweb-v1.1-release.html' -> 'ftp://qxu1146460084.my3w.com/htdocs/mweb-v1.1-release.html'
2015-02-26 14:23:29: Copy Over '/Users/Otis/Documents/MWebSites/Coder For Art/mweb-v1.2-release-zh.html' -> 'ftp://qxu1146460084.my3w.com/htdocs/mweb-v1.2-release-zh.html'
2015-02-26 14:23:30: Copy Over '/Users/Otis/Documents/MWebSites/Coder For Art/mweb-v1.2-release.html' -> 'ftp://qxu1146460084.my3w.com/htdocs/mweb-v1.2-release.html'
2015-02-26 14:23:32: Copy Over '/Users/Otis/Documents/MWebSites/Coder For Art/mweb-zh.html' -> 'ftp://qxu1146460084.my3w.com/htdocs/mweb-zh.html'
2015-02-26 14:23:33: Copy Over '/Users/Otis/Documents/MWebSites/Coder For Art/mweb.html' -> 'ftp://qxu1146460084.my3w.com/htdocs/mweb.html'
2015-02-26 14:23:35: Copy Over '/Users/Otis/Documents/MWebSites/Coder For Art/Other.html' -> 'ftp://qxu1146460084.my3w.com/htdocs/Other.html'
2015-02-26 14:23:36: Copy Over '/Users/Otis/Documents/MWebSites/Coder For Art/sitemap.xml' -> 'ftp://qxu1146460084.my3w.com/htdocs/sitemap.xml'
2015-02-26 14:23:37: Copy Over '/Users/Otis/Documents/MWebSites/Coder For Art/sync-webistes-to-github-or-ftp-zh.html' -> 'ftp://qxu1146460084.my3w.com/htdocs/sync-webistes-to-github-or-ftp-zh.html'
2015-02-26 14:23:39: Copy Over '/Users/Otis/Documents/MWebSites/Coder For Art/unrealengine4-windows-mac.html' -> 'ftp://qxu1146460084.my3w.com/htdocs/unrealengine4-windows-mac.html'
2015-02-26 14:23:41: == Sync Complete. Time: 00:01:04, Speed: 10.1 KB/s, OK: 40, Errors: 0
2015-02-26 14:23:43: 
