2015-02-26 14:23:59: -- Analysis Started by On File Change Incremental
2015-02-26 14:24:01: Changes: 40, Conflicts: 0, CopyTime: 0, CopyState: 0/0, Errors: 0, All: 226
2015-02-26 14:24:01: Left to Right: Copy File: 40 
2015-02-26 14:24:01: == Sync Started by On File Change Incremental
2015-02-26 14:24:03: Copy Over '/Users/Otis/Documents/MWebSites/Coder For Art/aliyun-net-cn-free-web-host-express.html' -> 'ftp://qxu1146460084.my3w.com/htdocs/aliyun-net-cn-free-web-host-express.html'
2015-02-26 14:24:05: Copy Over '/Users/Otis/Documents/MWebSites/Coder For Art/all.html' -> 'ftp://qxu1146460084.my3w.com/htdocs/all.html'
2015-02-26 14:24:07: Copy Over '/Users/Otis/Documents/MWebSites/Coder For Art/all_1.html' -> 'ftp://qxu1146460084.my3w.com/htdocs/all_1.html'
2015-02-26 14:24:08: Copy Over '/Users/Otis/Documents/MWebSites/Coder For Art/all_2.html' -> 'ftp://qxu1146460084.my3w.com/htdocs/all_2.html'
2015-02-26 14:24:10: Copy Over '/Users/Otis/Documents/MWebSites/Coder For Art/archives.html' -> 'ftp://qxu1146460084.my3w.com/htdocs/archives.html'
2015-02-26 14:24:13: Copy Over '/Users/Otis/Documents/MWebSites/Coder For Art/atom.xml' -> 'ftp://qxu1146460084.my3w.com/htdocs/atom.xml'
2015-02-26 14:24:14: Copy Over '/Users/Otis/Documents/MWebSites/Coder For Art/CG Artist.html' -> 'ftp://qxu1146460084.my3w.com/htdocs/CG Artist.html'
2015-02-26 14:24:16: Copy Over '/Users/Otis/Documents/MWebSites/Coder For Art/custom-site-theme-detail-temp.html' -> 'ftp://qxu1146460084.my3w.com/htdocs/custom-site-theme-detail-temp.html'
2015-02-26 14:24:17: Copy Over '/Users/Otis/Documents/MWebSites/Coder For Art/custom-site-theme-detail-zh.html' -> 'ftp://qxu1146460084.my3w.com/htdocs/custom-site-theme-detail-zh.html'
2015-02-26 14:24:19: Copy Over '/Users/Otis/Documents/MWebSites/Coder For Art/custom-site-theme-detail.html' -> 'ftp://qxu1146460084.my3w.com/htdocs/custom-site-theme-detail.html'
2015-02-26 14:24:20: Copy Over '/Users/Otis/Documents/MWebSites/Coder For Art/Game Engine.html' -> 'ftp://qxu1146460084.my3w.com/htdocs/Game Engine.html'
2015-02-26 14:24:22: Copy Over '/Users/Otis/Documents/MWebSites/Coder For Art/index.html' -> 'ftp://qxu1146460084.my3w.com/htdocs/index.html'
2015-02-26 14:24:23: Copy Over '/Users/Otis/Documents/MWebSites/Coder For Art/insert-photos-and-display-in-editor-zh.html' -> 'ftp://qxu1146460084.my3w.com/htdocs/insert-photos-and-display-in-editor-zh.html'
2015-02-26 14:24:25: Copy Over '/Users/Otis/Documents/MWebSites/Coder For Art/insert-photos-and-display-in-editor.html' -> 'ftp://qxu1146460084.my3w.com/htdocs/insert-photos-and-display-in-editor.html'
2015-02-26 14:24:26: Copy Over '/Users/Otis/Documents/MWebSites/Coder For Art/introduction-mweb-zh.html' -> 'ftp://qxu1146460084.my3w.com/htdocs/introduction-mweb-zh.html'
2015-02-26 14:24:28: Copy Over '/Users/Otis/Documents/MWebSites/Coder For Art/introduction-mweb.html' -> 'ftp://qxu1146460084.my3w.com/htdocs/introduction-mweb.html'
2015-02-26 14:24:29: Copy Over '/Users/Otis/Documents/MWebSites/Coder For Art/Introduction.html' -> 'ftp://qxu1146460084.my3w.com/htdocs/Introduction.html'
2015-02-26 14:24:31: Copy Over '/Users/Otis/Documents/MWebSites/Coder For Art/Introduction_1.html' -> 'ftp://qxu1146460084.my3w.com/htdocs/Introduction_1.html'
2015-02-26 14:24:32: Copy Over '/Users/Otis/Documents/MWebSites/Coder For Art/make-a-simple-high-end-mac-ios-game.html' -> 'ftp://qxu1146460084.my3w.com/htdocs/make-a-simple-high-end-mac-ios-game.html'
2015-02-26 14:24:34: Copy Over '/Users/Otis/Documents/MWebSites/Coder For Art/markdown-syntax-guide-full-version-zh.html' -> 'ftp://qxu1146460084.my3w.com/htdocs/markdown-syntax-guide-full-version-zh.html'
2015-02-26 14:24:36: Copy Over '/Users/Otis/Documents/MWebSites/Coder For Art/markdown-syntax-guide-full-version.html' -> 'ftp://qxu1146460084.my3w.com/htdocs/markdown-syntax-guide-full-version.html'
2015-02-26 14:24:37: Copy Over '/Users/Otis/Documents/MWebSites/Coder For Art/markdown-syntax-guide-suggest-version-zh.html' -> 'ftp://qxu1146460084.my3w.com/htdocs/markdown-syntax-guide-suggest-version-zh.html'
2015-02-26 14:24:39: Copy Over '/Users/Otis/Documents/MWebSites/Coder For Art/markdown-syntax-guide-suggest-version.html' -> 'ftp://qxu1146460084.my3w.com/htdocs/markdown-syntax-guide-suggest-version.html'
2015-02-26 14:24:40: Copy Over '/Users/Otis/Documents/MWebSites/Coder For Art/Markdown.html' -> 'ftp://qxu1146460084.my3w.com/htdocs/Markdown.html'
2015-02-26 14:24:42: Copy Over '/Users/Otis/Documents/MWebSites/Coder For Art/me-screenshot-and-in-yosemite.html' -> 'ftp://qxu1146460084.my3w.com/htdocs/me-screenshot-and-in-yosemite.html'
2015-02-26 14:24:43: Copy Over '/Users/Otis/Documents/MWebSites/Coder For Art/MWeb-cat.html' -> 'ftp://qxu1146460084.my3w.com/htdocs/MWeb-cat.html'
2015-02-26 14:24:45: Copy Over '/Users/Otis/Documents/MWebSites/Coder For Art/MWeb-cat_1.html' -> 'ftp://qxu1146460084.my3w.com/htdocs/MWeb-cat_1.html'
2015-02-26 14:24:46: Copy Over '/Users/Otis/Documents/MWebSites/Coder For Art/MWeb-cat_2.html' -> 'ftp://qxu1146460084.my3w.com/htdocs/MWeb-cat_2.html'
2015-02-26 14:24:48: Copy Over '/Users/Otis/Documents/MWebSites/Coder For Art/mweb-qa-zh.html' -> 'ftp://qxu1146460084.my3w.com/htdocs/mweb-qa-zh.html'
2015-02-26 14:24:49: Copy Over '/Users/Otis/Documents/MWebSites/Coder For Art/mweb-qa.html' -> 'ftp://qxu1146460084.my3w.com/htdocs/mweb-qa.html'
2015-02-26 14:24:51: Copy Over '/Users/Otis/Documents/MWebSites/Coder For Art/mweb-v1.1-release-zh.html' -> 'ftp://qxu1146460084.my3w.com/htdocs/mweb-v1.1-release-zh.html'
2015-02-26 14:24:52: Copy Over '/Users/Otis/Documents/MWebSites/Coder For Art/mweb-v1.1-release.html' -> 'ftp://qxu1146460084.my3w.com/htdocs/mweb-v1.1-release.html'
2015-02-26 14:24:54: Copy Over '/Users/Otis/Documents/MWebSites/Coder For Art/mweb-v1.2-release-zh.html' -> 'ftp://qxu1146460084.my3w.com/htdocs/mweb-v1.2-release-zh.html'
2015-02-26 14:24:55: Copy Over '/Users/Otis/Documents/MWebSites/Coder For Art/mweb-v1.2-release.html' -> 'ftp://qxu1146460084.my3w.com/htdocs/mweb-v1.2-release.html'
2015-02-26 14:24:57: Copy Over '/Users/Otis/Documents/MWebSites/Coder For Art/mweb-zh.html' -> 'ftp://qxu1146460084.my3w.com/htdocs/mweb-zh.html'
2015-02-26 14:24:58: Copy Over '/Users/Otis/Documents/MWebSites/Coder For Art/mweb.html' -> 'ftp://qxu1146460084.my3w.com/htdocs/mweb.html'
2015-02-26 14:24:59: Copy Over '/Users/Otis/Documents/MWebSites/Coder For Art/Other.html' -> 'ftp://qxu1146460084.my3w.com/htdocs/Other.html'
2015-02-26 14:25:01: Copy Over '/Users/Otis/Documents/MWebSites/Coder For Art/sitemap.xml' -> 'ftp://qxu1146460084.my3w.com/htdocs/sitemap.xml'
2015-02-26 14:25:02: Copy Over '/Users/Otis/Documents/MWebSites/Coder For Art/sync-webistes-to-github-or-ftp-zh.html' -> 'ftp://qxu1146460084.my3w.com/htdocs/sync-webistes-to-github-or-ftp-zh.html'
2015-02-26 14:25:04: Copy Over '/Users/Otis/Documents/MWebSites/Coder For Art/unrealengine4-windows-mac.html' -> 'ftp://qxu1146460084.my3w.com/htdocs/unrealengine4-windows-mac.html'
2015-02-26 14:25:07: == Sync Complete. Time: 00:01:06, Speed: 10.0 KB/s, OK: 40, Errors: 0
2015-02-26 14:25:08: 
