2015-02-26 14:00:25: -- Analysis Started by User
2015-02-26 14:00:25: L: State file does not exist: /Users/Otis/Documents/MWebSites/Coder For Art/_gsdata_/_file_state_v4._gs
2015-02-26 14:00:25: R: State file does not exist: ftp://qxu1146460084.my3w.com/htdocs/_gsdata_/_file_state_v4._gs
2015-02-26 14:00:26: Changes: 222, Conflicts: 0, CopyTime: 0, CopyState: 0/0, Errors: 0, All: 225
2015-02-26 14:00:26: Left to Right: Copy File: 220 
2015-02-26 14:00:26: Right to Left: Copy File: 2 
2015-02-26 14:00:26: -- Analysis Complete. Time 00:00:02, Speed: 112 files/s
2015-02-26 14:00:26: 
2015-02-26 14:00:36: New _gsdata_ folder(s) created, so rescan all job folders for their ghosts
2015-02-26 14:00:36: == Sync Started by User
2015-02-26 14:00:38: Create Folder 'ftp://qxu1146460084.my3w.com/htdocs/asset'
2015-02-26 14:00:38: Create Folder 'ftp://qxu1146460084.my3w.com/htdocs/asset/font'
2015-02-26 14:00:38: Create Folder 'ftp://qxu1146460084.my3w.com/htdocs/asset/highlightjs'
2015-02-26 14:00:38: Create Folder 'ftp://qxu1146460084.my3w.com/htdocs/asset/highlightjs/styles'
2015-02-26 14:00:38: Create Folder 'ftp://qxu1146460084.my3w.com/htdocs/asset/images'
2015-02-26 14:00:38: Create Folder 'ftp://qxu1146460084.my3w.com/htdocs/asset/images/fancybox'
2015-02-26 14:00:38: Create Folder 'ftp://qxu1146460084.my3w.com/htdocs/asset/images/social'
2015-02-26 14:00:39: Create Folder 'ftp://qxu1146460084.my3w.com/htdocs/asset/javascripts'
2015-02-26 14:00:39: Create Folder 'ftp://qxu1146460084.my3w.com/htdocs/asset/stylesheets'
2015-02-26 14:00:39: Create Folder '/Users/Otis/Documents/MWebSites/Coder For Art/logreport'
2015-02-26 14:00:39: Create Folder 'ftp://qxu1146460084.my3w.com/htdocs/media'
2015-02-26 14:00:39: Create Folder 'ftp://qxu1146460084.my3w.com/htdocs/media/14187874991645'
2015-02-26 14:00:39: Create Folder 'ftp://qxu1146460084.my3w.com/htdocs/media/14189656825627'
2015-02-26 14:00:39: Create Folder 'ftp://qxu1146460084.my3w.com/htdocs/media/14189904700669'
2015-02-26 14:00:39: Create Folder 'ftp://qxu1146460084.my3w.com/htdocs/media/14195170907881'
2015-02-26 14:00:39: Create Folder 'ftp://qxu1146460084.my3w.com/htdocs/media/14206095675933'
2015-02-26 14:00:39: Create Folder 'ftp://qxu1146460084.my3w.com/htdocs/media/14206135238767'
2015-02-26 14:00:39: Create Folder 'ftp://qxu1146460084.my3w.com/htdocs/media/14213891828854'
2015-02-26 14:00:39: Create Folder 'ftp://qxu1146460084.my3w.com/htdocs/media/14216489427773'
2015-02-26 14:00:40: Create Folder 'ftp://qxu1146460084.my3w.com/htdocs/media/14218059079784'
2015-02-26 14:00:40: Create Folder 'ftp://qxu1146460084.my3w.com/htdocs/media/14224153855854'
2015-02-26 14:00:40: Create Folder 'ftp://qxu1146460084.my3w.com/htdocs/media/14229369882579'
2015-02-26 14:00:40: Create Folder 'ftp://qxu1146460084.my3w.com/htdocs/media/14233888581377'
2015-02-26 14:00:41: Copy New '/Users/Otis/Documents/MWebSites/Coder For Art/aliyun-net-cn-free-web-host-express.html' -> 'ftp://qxu1146460084.my3w.com/htdocs/aliyun-net-cn-free-web-host-express.html'
2015-02-26 14:00:43: Copy New '/Users/Otis/Documents/MWebSites/Coder For Art/all.html' -> 'ftp://qxu1146460084.my3w.com/htdocs/all.html'
2015-02-26 14:00:44: Copy New '/Users/Otis/Documents/MWebSites/Coder For Art/all_1.html' -> 'ftp://qxu1146460084.my3w.com/htdocs/all_1.html'
2015-02-26 14:00:45: Copy New '/Users/Otis/Documents/MWebSites/Coder For Art/all_2.html' -> 'ftp://qxu1146460084.my3w.com/htdocs/all_2.html'
2015-02-26 14:00:47: Copy New '/Users/Otis/Documents/MWebSites/Coder For Art/archives.html' -> 'ftp://qxu1146460084.my3w.com/htdocs/archives.html'
2015-02-26 14:00:48: Copy New '/Users/Otis/Documents/MWebSites/Coder For Art/asset/font/1TiHc9yag0wq3lDO9cw0voX0hVgzZQUfRDuZrPvH3D8.woff2' -> 'ftp://qxu1146460084.my3w.com/htdocs/asset/font/1TiHc9yag0wq3lDO9cw0voX0hVgzZQUfRDuZrPvH3D8.woff2'
2015-02-26 14:00:49: Copy New '/Users/Otis/Documents/MWebSites/Coder For Art/asset/font/6TbRXKWJjpj6V2v_WyRbMX-_kf6ByYO6CLYdB4HQE-Y.woff2' -> 'ftp://qxu1146460084.my3w.com/htdocs/asset/font/6TbRXKWJjpj6V2v_WyRbMX-_kf6ByYO6CLYdB4HQE-Y.woff2'
2015-02-26 14:00:51: Copy New '/Users/Otis/Documents/MWebSites/Coder For Art/asset/font/fontawesome-webfont.ttf' -> 'ftp://qxu1146460084.my3w.com/htdocs/asset/font/fontawesome-webfont.ttf'
2015-02-26 14:00:53: Copy New '/Users/Otis/Documents/MWebSites/Coder For Art/asset/font/fontawesome-webfont.woff' -> 'ftp://qxu1146460084.my3w.com/htdocs/asset/font/fontawesome-webfont.woff'
2015-02-26 14:00:54: Copy New '/Users/Otis/Documents/MWebSites/Coder For Art/asset/font/TttUCfJ272GBgSKaOaD7KoX0hVgzZQUfRDuZrPvH3D8.woff2' -> 'ftp://qxu1146460084.my3w.com/htdocs/asset/font/TttUCfJ272GBgSKaOaD7KoX0hVgzZQUfRDuZrPvH3D8.woff2'
2015-02-26 14:00:56: Copy New '/Users/Otis/Documents/MWebSites/Coder For Art/asset/highlightjs/highlight.pack.js' -> 'ftp://qxu1146460084.my3w.com/htdocs/asset/highlightjs/highlight.pack.js'
2015-02-26 14:00:57: Copy New '/Users/Otis/Documents/MWebSites/Coder For Art/asset/highlightjs/LICENSE' -> 'ftp://qxu1146460084.my3w.com/htdocs/asset/highlightjs/LICENSE'
2015-02-26 14:00:58: Copy New '/Users/Otis/Documents/MWebSites/Coder For Art/asset/highlightjs/styles/arta.css' -> 'ftp://qxu1146460084.my3w.com/htdocs/asset/highlightjs/styles/arta.css'
2015-02-26 14:00:59: Copy New '/Users/Otis/Documents/MWebSites/Coder For Art/asset/highlightjs/styles/ascetic.css' -> 'ftp://qxu1146460084.my3w.com/htdocs/asset/highlightjs/styles/ascetic.css'
2015-02-26 14:01:00: Copy New '/Users/Otis/Documents/MWebSites/Coder For Art/asset/highlightjs/styles/atelier-dune.dark.css' -> 'ftp://qxu1146460084.my3w.com/htdocs/asset/highlightjs/styles/atelier-dune.dark.css'
2015-02-26 14:01:01: Copy New '/Users/Otis/Documents/MWebSites/Coder For Art/asset/highlightjs/styles/atelier-dune.light.css' -> 'ftp://qxu1146460084.my3w.com/htdocs/asset/highlightjs/styles/atelier-dune.light.css'
2015-02-26 14:01:03: Copy New '/Users/Otis/Documents/MWebSites/Coder For Art/asset/highlightjs/styles/atelier-forest.dark.css' -> 'ftp://qxu1146460084.my3w.com/htdocs/asset/highlightjs/styles/atelier-forest.dark.css'
2015-02-26 14:01:04: Copy New '/Users/Otis/Documents/MWebSites/Coder For Art/asset/highlightjs/styles/atelier-forest.light.css' -> 'ftp://qxu1146460084.my3w.com/htdocs/asset/highlightjs/styles/atelier-forest.light.css'
2015-02-26 14:01:05: Copy New '/Users/Otis/Documents/MWebSites/Coder For Art/asset/highlightjs/styles/atelier-heath.dark.css' -> 'ftp://qxu1146460084.my3w.com/htdocs/asset/highlightjs/styles/atelier-heath.dark.css'
2015-02-26 14:01:06: Copy New '/Users/Otis/Documents/MWebSites/Coder For Art/asset/highlightjs/styles/atelier-heath.light.css' -> 'ftp://qxu1146460084.my3w.com/htdocs/asset/highlightjs/styles/atelier-heath.light.css'
2015-02-26 14:01:07: Copy New '/Users/Otis/Documents/MWebSites/Coder For Art/asset/highlightjs/styles/atelier-lakeside.dark.css' -> 'ftp://qxu1146460084.my3w.com/htdocs/asset/highlightjs/styles/atelier-lakeside.dark.css'
2015-02-26 14:01:08: Copy New '/Users/Otis/Documents/MWebSites/Coder For Art/asset/highlightjs/styles/atelier-lakeside.light.css' -> 'ftp://qxu1146460084.my3w.com/htdocs/asset/highlightjs/styles/atelier-lakeside.light.css'
2015-02-26 14:01:09: Copy New '/Users/Otis/Documents/MWebSites/Coder For Art/asset/highlightjs/styles/atelier-seaside.dark.css' -> 'ftp://qxu1146460084.my3w.com/htdocs/asset/highlightjs/styles/atelier-seaside.dark.css'
2015-02-26 14:01:10: Copy New '/Users/Otis/Documents/MWebSites/Coder For Art/asset/highlightjs/styles/atelier-seaside.light.css' -> 'ftp://qxu1146460084.my3w.com/htdocs/asset/highlightjs/styles/atelier-seaside.light.css'
2015-02-26 14:01:11: Copy New '/Users/Otis/Documents/MWebSites/Coder For Art/asset/highlightjs/styles/brown_paper.css' -> 'ftp://qxu1146460084.my3w.com/htdocs/asset/highlightjs/styles/brown_paper.css'
2015-02-26 14:01:13: Copy New '/Users/Otis/Documents/MWebSites/Coder For Art/asset/highlightjs/styles/brown_papersq.png' -> 'ftp://qxu1146460084.my3w.com/htdocs/asset/highlightjs/styles/brown_papersq.png'
2015-02-26 14:01:14: Copy New '/Users/Otis/Documents/MWebSites/Coder For Art/asset/highlightjs/styles/codepen-embed.css' -> 'ftp://qxu1146460084.my3w.com/htdocs/asset/highlightjs/styles/codepen-embed.css'
2015-02-26 14:01:15: Copy New '/Users/Otis/Documents/MWebSites/Coder For Art/asset/highlightjs/styles/color-brewer.css' -> 'ftp://qxu1146460084.my3w.com/htdocs/asset/highlightjs/styles/color-brewer.css'
2015-02-26 14:01:16: Copy New '/Users/Otis/Documents/MWebSites/Coder For Art/asset/highlightjs/styles/dark.css' -> 'ftp://qxu1146460084.my3w.com/htdocs/asset/highlightjs/styles/dark.css'
2015-02-26 14:01:17: Copy New '/Users/Otis/Documents/MWebSites/Coder For Art/asset/highlightjs/styles/default.css' -> 'ftp://qxu1146460084.my3w.com/htdocs/asset/highlightjs/styles/default.css'
2015-02-26 14:01:18: Copy New '/Users/Otis/Documents/MWebSites/Coder For Art/asset/highlightjs/styles/docco.css' -> 'ftp://qxu1146460084.my3w.com/htdocs/asset/highlightjs/styles/docco.css'
2015-02-26 14:01:20: Copy New '/Users/Otis/Documents/MWebSites/Coder For Art/asset/highlightjs/styles/far.css' -> 'ftp://qxu1146460084.my3w.com/htdocs/asset/highlightjs/styles/far.css'
2015-02-26 14:01:21: Copy New '/Users/Otis/Documents/MWebSites/Coder For Art/asset/highlightjs/styles/foundation.css' -> 'ftp://qxu1146460084.my3w.com/htdocs/asset/highlightjs/styles/foundation.css'
2015-02-26 14:01:22: Copy New '/Users/Otis/Documents/MWebSites/Coder For Art/asset/highlightjs/styles/github.css' -> 'ftp://qxu1146460084.my3w.com/htdocs/asset/highlightjs/styles/github.css'
2015-02-26 14:01:23: Copy New '/Users/Otis/Documents/MWebSites/Coder For Art/asset/highlightjs/styles/googlecode.css' -> 'ftp://qxu1146460084.my3w.com/htdocs/asset/highlightjs/styles/googlecode.css'
2015-02-26 14:01:24: Copy New '/Users/Otis/Documents/MWebSites/Coder For Art/asset/highlightjs/styles/hybrid.css' -> 'ftp://qxu1146460084.my3w.com/htdocs/asset/highlightjs/styles/hybrid.css'
2015-02-26 14:01:25: Copy New '/Users/Otis/Documents/MWebSites/Coder For Art/asset/highlightjs/styles/idea.css' -> 'ftp://qxu1146460084.my3w.com/htdocs/asset/highlightjs/styles/idea.css'
2015-02-26 14:01:26: Copy New '/Users/Otis/Documents/MWebSites/Coder For Art/asset/highlightjs/styles/ir_black.css' -> 'ftp://qxu1146460084.my3w.com/htdocs/asset/highlightjs/styles/ir_black.css'
2015-02-26 14:01:27: Copy New '/Users/Otis/Documents/MWebSites/Coder For Art/asset/highlightjs/styles/kimbie.dark.css' -> 'ftp://qxu1146460084.my3w.com/htdocs/asset/highlightjs/styles/kimbie.dark.css'
2015-02-26 14:01:28: Copy New '/Users/Otis/Documents/MWebSites/Coder For Art/asset/highlightjs/styles/kimbie.light.css' -> 'ftp://qxu1146460084.my3w.com/htdocs/asset/highlightjs/styles/kimbie.light.css'
2015-02-26 14:01:30: Copy New '/Users/Otis/Documents/MWebSites/Coder For Art/asset/highlightjs/styles/magula.css' -> 'ftp://qxu1146460084.my3w.com/htdocs/asset/highlightjs/styles/magula.css'
2015-02-26 14:01:31: Copy New '/Users/Otis/Documents/MWebSites/Coder For Art/asset/highlightjs/styles/mono-blue.css' -> 'ftp://qxu1146460084.my3w.com/htdocs/asset/highlightjs/styles/mono-blue.css'
2015-02-26 14:01:32: Copy New '/Users/Otis/Documents/MWebSites/Coder For Art/asset/highlightjs/styles/monokai.css' -> 'ftp://qxu1146460084.my3w.com/htdocs/asset/highlightjs/styles/monokai.css'
2015-02-26 14:01:33: Copy New '/Users/Otis/Documents/MWebSites/Coder For Art/asset/highlightjs/styles/monokai_sublime.css' -> 'ftp://qxu1146460084.my3w.com/htdocs/asset/highlightjs/styles/monokai_sublime.css'
2015-02-26 14:01:34: Copy New '/Users/Otis/Documents/MWebSites/Coder For Art/asset/highlightjs/styles/obsidian.css' -> 'ftp://qxu1146460084.my3w.com/htdocs/asset/highlightjs/styles/obsidian.css'
2015-02-26 14:01:35: Copy New '/Users/Otis/Documents/MWebSites/Coder For Art/asset/highlightjs/styles/paraiso.dark.css' -> 'ftp://qxu1146460084.my3w.com/htdocs/asset/highlightjs/styles/paraiso.dark.css'
2015-02-26 14:01:36: Copy New '/Users/Otis/Documents/MWebSites/Coder For Art/asset/highlightjs/styles/paraiso.light.css' -> 'ftp://qxu1146460084.my3w.com/htdocs/asset/highlightjs/styles/paraiso.light.css'
2015-02-26 14:01:37: Copy New '/Users/Otis/Documents/MWebSites/Coder For Art/asset/highlightjs/styles/pojoaque.css' -> 'ftp://qxu1146460084.my3w.com/htdocs/asset/highlightjs/styles/pojoaque.css'
2015-02-26 14:01:38: Copy New '/Users/Otis/Documents/MWebSites/Coder For Art/asset/highlightjs/styles/pojoaque.jpg' -> 'ftp://qxu1146460084.my3w.com/htdocs/asset/highlightjs/styles/pojoaque.jpg'
2015-02-26 14:01:40: Copy New '/Users/Otis/Documents/MWebSites/Coder For Art/asset/highlightjs/styles/railscasts.css' -> 'ftp://qxu1146460084.my3w.com/htdocs/asset/highlightjs/styles/railscasts.css'
2015-02-26 14:01:41: Copy New '/Users/Otis/Documents/MWebSites/Coder For Art/asset/highlightjs/styles/rainbow.css' -> 'ftp://qxu1146460084.my3w.com/htdocs/asset/highlightjs/styles/rainbow.css'
2015-02-26 14:01:42: Copy New '/Users/Otis/Documents/MWebSites/Coder For Art/asset/highlightjs/styles/school_book.css' -> 'ftp://qxu1146460084.my3w.com/htdocs/asset/highlightjs/styles/school_book.css'
2015-02-26 14:01:43: Copy New '/Users/Otis/Documents/MWebSites/Coder For Art/asset/highlightjs/styles/school_book.png' -> 'ftp://qxu1146460084.my3w.com/htdocs/asset/highlightjs/styles/school_book.png'
2015-02-26 14:01:44: Copy New '/Users/Otis/Documents/MWebSites/Coder For Art/asset/highlightjs/styles/solarized_dark.css' -> 'ftp://qxu1146460084.my3w.com/htdocs/asset/highlightjs/styles/solarized_dark.css'
2015-02-26 14:01:45: Copy New '/Users/Otis/Documents/MWebSites/Coder For Art/asset/highlightjs/styles/solarized_light.css' -> 'ftp://qxu1146460084.my3w.com/htdocs/asset/highlightjs/styles/solarized_light.css'
2015-02-26 14:01:46: Copy New '/Users/Otis/Documents/MWebSites/Coder For Art/asset/highlightjs/styles/sunburst.css' -> 'ftp://qxu1146460084.my3w.com/htdocs/asset/highlightjs/styles/sunburst.css'
2015-02-26 14:01:47: Copy New '/Users/Otis/Documents/MWebSites/Coder For Art/asset/highlightjs/styles/tomorrow-night-blue.css' -> 'ftp://qxu1146460084.my3w.com/htdocs/asset/highlightjs/styles/tomorrow-night-blue.css'
2015-02-26 14:01:48: Copy New '/Users/Otis/Documents/MWebSites/Coder For Art/asset/highlightjs/styles/tomorrow-night-bright.css' -> 'ftp://qxu1146460084.my3w.com/htdocs/asset/highlightjs/styles/tomorrow-night-bright.css'
2015-02-26 14:01:50: Copy New '/Users/Otis/Documents/MWebSites/Coder For Art/asset/highlightjs/styles/tomorrow-night-eighties.css' -> 'ftp://qxu1146460084.my3w.com/htdocs/asset/highlightjs/styles/tomorrow-night-eighties.css'
2015-02-26 14:01:51: Copy New '/Users/Otis/Documents/MWebSites/Coder For Art/asset/highlightjs/styles/tomorrow-night.css' -> 'ftp://qxu1146460084.my3w.com/htdocs/asset/highlightjs/styles/tomorrow-night.css'
2015-02-26 14:01:52: Copy New '/Users/Otis/Documents/MWebSites/Coder For Art/asset/highlightjs/styles/tomorrow.css' -> 'ftp://qxu1146460084.my3w.com/htdocs/asset/highlightjs/styles/tomorrow.css'
2015-02-26 14:01:53: Copy New '/Users/Otis/Documents/MWebSites/Coder For Art/asset/highlightjs/styles/vs.css' -> 'ftp://qxu1146460084.my3w.com/htdocs/asset/highlightjs/styles/vs.css'
2015-02-26 14:01:54: Copy New '/Users/Otis/Documents/MWebSites/Coder For Art/asset/highlightjs/styles/xcode.css' -> 'ftp://qxu1146460084.my3w.com/htdocs/asset/highlightjs/styles/xcode.css'
2015-02-26 14:01:55: Copy New '/Users/Otis/Documents/MWebSites/Coder For Art/asset/highlightjs/styles/zenburn.css' -> 'ftp://qxu1146460084.my3w.com/htdocs/asset/highlightjs/styles/zenburn.css'
2015-02-26 14:01:57: Copy New '/Users/Otis/Documents/MWebSites/Coder For Art/asset/icon.jpg' -> 'ftp://qxu1146460084.my3w.com/htdocs/asset/icon.jpg'
2015-02-26 14:01:59: Copy New '/Users/Otis/Documents/MWebSites/Coder For Art/asset/images/fancybox/blank.gif' -> 'ftp://qxu1146460084.my3w.com/htdocs/asset/images/fancybox/blank.gif'
2015-02-26 14:02:00: Copy New '/Users/Otis/Documents/MWebSites/Coder For Art/asset/images/fancybox/fancybox_loading.gif' -> 'ftp://qxu1146460084.my3w.com/htdocs/asset/images/fancybox/fancybox_loading.gif'
2015-02-26 14:02:01: Copy New '/Users/Otis/Documents/MWebSites/Coder For Art/asset/images/fancybox/fancybox_sprite.png' -> 'ftp://qxu1146460084.my3w.com/htdocs/asset/images/fancybox/fancybox_sprite.png'
2015-02-26 14:02:02: Copy New '/Users/Otis/Documents/MWebSites/Coder For Art/asset/images/loading_gray.gif' -> 'ftp://qxu1146460084.my3w.com/htdocs/asset/images/loading_gray.gif'
2015-02-26 14:02:03: Copy New '/Users/Otis/Documents/MWebSites/Coder For Art/asset/images/loading_pacman.gif' -> 'ftp://qxu1146460084.my3w.com/htdocs/asset/images/loading_pacman.gif'
2015-02-26 14:02:04: Copy New '/Users/Otis/Documents/MWebSites/Coder For Art/asset/images/social/behance.png' -> 'ftp://qxu1146460084.my3w.com/htdocs/asset/images/social/behance.png'
2015-02-26 14:02:06: Copy New '/Users/Otis/Documents/MWebSites/Coder For Art/asset/images/social/coderwall.png' -> 'ftp://qxu1146460084.my3w.com/htdocs/asset/images/social/coderwall.png'
2015-02-26 14:02:07: Copy New '/Users/Otis/Documents/MWebSites/Coder For Art/asset/images/social/delicious.png' -> 'ftp://qxu1146460084.my3w.com/htdocs/asset/images/social/delicious.png'
2015-02-26 14:02:08: Copy New '/Users/Otis/Documents/MWebSites/Coder For Art/asset/images/social/douban.png' -> 'ftp://qxu1146460084.my3w.com/htdocs/asset/images/social/douban.png'
2015-02-26 14:02:09: Copy New '/Users/Otis/Documents/MWebSites/Coder For Art/asset/images/social/email.png' -> 'ftp://qxu1146460084.my3w.com/htdocs/asset/images/social/email.png'
2015-02-26 14:02:10: Copy New '/Users/Otis/Documents/MWebSites/Coder For Art/asset/images/social/facebook.png' -> 'ftp://qxu1146460084.my3w.com/htdocs/asset/images/social/facebook.png'
2015-02-26 14:02:11: Copy New '/Users/Otis/Documents/MWebSites/Coder For Art/asset/images/social/github.png' -> 'ftp://qxu1146460084.my3w.com/htdocs/asset/images/social/github.png'
2015-02-26 14:02:12: Copy New '/Users/Otis/Documents/MWebSites/Coder For Art/asset/images/social/google.png' -> 'ftp://qxu1146460084.my3w.com/htdocs/asset/images/social/google.png'
2015-02-26 14:02:13: Copy New '/Users/Otis/Documents/MWebSites/Coder For Art/asset/images/social/instagram.png' -> 'ftp://qxu1146460084.my3w.com/htdocs/asset/images/social/instagram.png'
2015-02-26 14:02:14: Copy New '/Users/Otis/Documents/MWebSites/Coder For Art/asset/images/social/linkedin.png' -> 'ftp://qxu1146460084.my3w.com/htdocs/asset/images/social/linkedin.png'
2015-02-26 14:02:15: Copy New '/Users/Otis/Documents/MWebSites/Coder For Art/asset/images/social/pinboard.png' -> 'ftp://qxu1146460084.my3w.com/htdocs/asset/images/social/pinboard.png'
2015-02-26 14:02:16: Copy New '/Users/Otis/Documents/MWebSites/Coder For Art/asset/images/social/pinterest.png' -> 'ftp://qxu1146460084.my3w.com/htdocs/asset/images/social/pinterest.png'
2015-02-26 14:02:17: Copy New '/Users/Otis/Documents/MWebSites/Coder For Art/asset/images/social/quora.png' -> 'ftp://qxu1146460084.my3w.com/htdocs/asset/images/social/quora.png'
2015-02-26 14:02:19: Copy New '/Users/Otis/Documents/MWebSites/Coder For Art/asset/images/social/rss.png' -> 'ftp://qxu1146460084.my3w.com/htdocs/asset/images/social/rss.png'
2015-02-26 14:02:20: Copy New '/Users/Otis/Documents/MWebSites/Coder For Art/asset/images/social/stackoverflow.png' -> 'ftp://qxu1146460084.my3w.com/htdocs/asset/images/social/stackoverflow.png'
2015-02-26 14:02:21: Copy New '/Users/Otis/Documents/MWebSites/Coder For Art/asset/images/social/twitter.png' -> 'ftp://qxu1146460084.my3w.com/htdocs/asset/images/social/twitter.png'
2015-02-26 14:02:22: Copy New '/Users/Otis/Documents/MWebSites/Coder For Art/asset/images/social/weibo.png' -> 'ftp://qxu1146460084.my3w.com/htdocs/asset/images/social/weibo.png'
2015-02-26 14:02:23: Copy New '/Users/Otis/Documents/MWebSites/Coder For Art/asset/images/social/weibo60.png' -> 'ftp://qxu1146460084.my3w.com/htdocs/asset/images/social/weibo60.png'
2015-02-26 14:02:24: Copy New '/Users/Otis/Documents/MWebSites/Coder For Art/asset/javascripts/html5.js' -> 'ftp://qxu1146460084.my3w.com/htdocs/asset/javascripts/html5.js'
2015-02-26 14:02:26: Copy New '/Users/Otis/Documents/MWebSites/Coder For Art/asset/javascripts/jquery.fancybox.pack.js' -> 'ftp://qxu1146460084.my3w.com/htdocs/asset/javascripts/jquery.fancybox.pack.js'
2015-02-26 14:02:28: Copy New '/Users/Otis/Documents/MWebSites/Coder For Art/asset/javascripts/jquery.min.js' -> 'ftp://qxu1146460084.my3w.com/htdocs/asset/javascripts/jquery.min.js'
2015-02-26 14:02:29: Copy New '/Users/Otis/Documents/MWebSites/Coder For Art/asset/javascripts/md5.js' -> 'ftp://qxu1146460084.my3w.com/htdocs/asset/javascripts/md5.js'
2015-02-26 14:02:30: Copy New '/Users/Otis/Documents/MWebSites/Coder For Art/asset/javascripts/slash.js' -> 'ftp://qxu1146460084.my3w.com/htdocs/asset/javascripts/slash.js'
2015-02-26 14:02:31: Copy New '/Users/Otis/Documents/MWebSites/Coder For Art/asset/javascripts/twitter.js' -> 'ftp://qxu1146460084.my3w.com/htdocs/asset/javascripts/twitter.js'
2015-02-26 14:02:33: Copy New '/Users/Otis/Documents/MWebSites/Coder For Art/asset/stylesheets/font-awesome.min.css' -> 'ftp://qxu1146460084.my3w.com/htdocs/asset/stylesheets/font-awesome.min.css'
2015-02-26 14:02:35: Copy New '/Users/Otis/Documents/MWebSites/Coder For Art/asset/stylesheets/screen.css' -> 'ftp://qxu1146460084.my3w.com/htdocs/asset/stylesheets/screen.css'
2015-02-26 14:02:37: Copy New '/Users/Otis/Documents/MWebSites/Coder For Art/atom.xml' -> 'ftp://qxu1146460084.my3w.com/htdocs/atom.xml'
2015-02-26 14:02:39: Copy New '/Users/Otis/Documents/MWebSites/Coder For Art/CG Artist.html' -> 'ftp://qxu1146460084.my3w.com/htdocs/CG Artist.html'
2015-02-26 14:02:40: Copy New '/Users/Otis/Documents/MWebSites/Coder For Art/CNAME' -> 'ftp://qxu1146460084.my3w.com/htdocs/CNAME'
2015-02-26 14:02:42: Copy New '/Users/Otis/Documents/MWebSites/Coder For Art/custom-site-theme-detail-temp.html' -> 'ftp://qxu1146460084.my3w.com/htdocs/custom-site-theme-detail-temp.html'
2015-02-26 14:02:43: Copy New '/Users/Otis/Documents/MWebSites/Coder For Art/custom-site-theme-detail-zh.html' -> 'ftp://qxu1146460084.my3w.com/htdocs/custom-site-theme-detail-zh.html'
2015-02-26 14:02:44: Copy New '/Users/Otis/Documents/MWebSites/Coder For Art/custom-site-theme-detail.html' -> 'ftp://qxu1146460084.my3w.com/htdocs/custom-site-theme-detail.html'
2015-02-26 14:02:46: Copy New '/Users/Otis/Documents/MWebSites/Coder For Art/Game Engine.html' -> 'ftp://qxu1146460084.my3w.com/htdocs/Game Engine.html'
2015-02-26 14:02:47: Copy New '/Users/Otis/Documents/MWebSites/Coder For Art/index.html' -> 'ftp://qxu1146460084.my3w.com/htdocs/index.html'
2015-02-26 14:02:48: Copy New '/Users/Otis/Documents/MWebSites/Coder For Art/insert-photos-and-display-in-editor-zh.html' -> 'ftp://qxu1146460084.my3w.com/htdocs/insert-photos-and-display-in-editor-zh.html'
2015-02-26 14:02:49: Copy New '/Users/Otis/Documents/MWebSites/Coder For Art/insert-photos-and-display-in-editor.html' -> 'ftp://qxu1146460084.my3w.com/htdocs/insert-photos-and-display-in-editor.html'
2015-02-26 14:02:51: Copy New '/Users/Otis/Documents/MWebSites/Coder For Art/introduction-mweb-zh.html' -> 'ftp://qxu1146460084.my3w.com/htdocs/introduction-mweb-zh.html'
2015-02-26 14:02:52: Copy New '/Users/Otis/Documents/MWebSites/Coder For Art/introduction-mweb.html' -> 'ftp://qxu1146460084.my3w.com/htdocs/introduction-mweb.html'
2015-02-26 14:02:53: Copy New '/Users/Otis/Documents/MWebSites/Coder For Art/Introduction.html' -> 'ftp://qxu1146460084.my3w.com/htdocs/Introduction.html'
2015-02-26 14:02:54: Copy New '/Users/Otis/Documents/MWebSites/Coder For Art/Introduction_1.html' -> 'ftp://qxu1146460084.my3w.com/htdocs/Introduction_1.html'
2015-02-26 14:02:56: Copy New 'ftp://qxu1146460084.my3w.com/htdocs/logreport/no_delete' -> '/Users/Otis/Documents/MWebSites/Coder For Art/logreport/no_delete'
2015-02-26 14:02:57: Copy New '/Users/Otis/Documents/MWebSites/Coder For Art/make-a-simple-high-end-mac-ios-game.html' -> 'ftp://qxu1146460084.my3w.com/htdocs/make-a-simple-high-end-mac-ios-game.html'
2015-02-26 14:02:59: Copy New '/Users/Otis/Documents/MWebSites/Coder For Art/markdown-syntax-guide-full-version-zh.html' -> 'ftp://qxu1146460084.my3w.com/htdocs/markdown-syntax-guide-full-version-zh.html'
2015-02-26 14:03:00: Copy New '/Users/Otis/Documents/MWebSites/Coder For Art/markdown-syntax-guide-full-version.html' -> 'ftp://qxu1146460084.my3w.com/htdocs/markdown-syntax-guide-full-version.html'
2015-02-26 14:03:02: Copy New '/Users/Otis/Documents/MWebSites/Coder For Art/markdown-syntax-guide-suggest-version-zh.html' -> 'ftp://qxu1146460084.my3w.com/htdocs/markdown-syntax-guide-suggest-version-zh.html'
2015-02-26 14:03:03: Copy New '/Users/Otis/Documents/MWebSites/Coder For Art/markdown-syntax-guide-suggest-version.html' -> 'ftp://qxu1146460084.my3w.com/htdocs/markdown-syntax-guide-suggest-version.html'
2015-02-26 14:03:04: Copy New '/Users/Otis/Documents/MWebSites/Coder For Art/Markdown.html' -> 'ftp://qxu1146460084.my3w.com/htdocs/Markdown.html'
2015-02-26 14:03:05: Copy New '/Users/Otis/Documents/MWebSites/Coder For Art/me-screenshot-and-in-yosemite.html' -> 'ftp://qxu1146460084.my3w.com/htdocs/me-screenshot-and-in-yosemite.html'
2015-02-26 14:03:10: Copy New '/Users/Otis/Documents/MWebSites/Coder For Art/media/14187874991645/14187901333739.jpg' -> 'ftp://qxu1146460084.my3w.com/htdocs/media/14187874991645/14187901333739.jpg'
2015-02-26 14:03:14: Copy New '/Users/Otis/Documents/MWebSites/Coder For Art/media/14187874991645/14187905450028.jpg' -> 'ftp://qxu1146460084.my3w.com/htdocs/media/14187874991645/14187905450028.jpg'
2015-02-26 14:03:17: Copy New '/Users/Otis/Documents/MWebSites/Coder For Art/media/14187874991645/14187907020110.jpg' -> 'ftp://qxu1146460084.my3w.com/htdocs/media/14187874991645/14187907020110.jpg'
2015-02-26 14:03:18: Copy New '/Users/Otis/Documents/MWebSites/Coder For Art/media/14187874991645/14187948430792.jpg' -> 'ftp://qxu1146460084.my3w.com/htdocs/media/14187874991645/14187948430792.jpg'
2015-02-26 14:03:19: Copy New '/Users/Otis/Documents/MWebSites/Coder For Art/media/14187874991645/14187948786941.jpg' -> 'ftp://qxu1146460084.my3w.com/htdocs/media/14187874991645/14187948786941.jpg'
2015-02-26 14:03:20: Copy New '/Users/Otis/Documents/MWebSites/Coder For Art/media/14187874991645/14187949049763.jpg' -> 'ftp://qxu1146460084.my3w.com/htdocs/media/14187874991645/14187949049763.jpg'
2015-02-26 14:03:30: Copy New '/Users/Otis/Documents/MWebSites/Coder For Art/media/14187874991645/716_max.jpg' -> 'ftp://qxu1146460084.my3w.com/htdocs/media/14187874991645/716_max.jpg'
2015-02-26 14:03:35: Copy New '/Users/Otis/Documents/MWebSites/Coder For Art/media/14187874991645/editor-display-pictrue.jpg' -> 'ftp://qxu1146460084.my3w.com/htdocs/media/14187874991645/editor-display-pictrue.jpg'
2015-02-26 14:03:39: Copy New '/Users/Otis/Documents/MWebSites/Coder For Art/media/14187874991645/editor-insert-pictrue.jpg' -> 'ftp://qxu1146460084.my3w.com/htdocs/media/14187874991645/editor-insert-pictrue.jpg'
2015-02-26 14:03:50: Copy New '/Users/Otis/Documents/MWebSites/Coder For Art/media/14187874991645/MWeb-build-static-websites-and-blogs-1-1-2.jpg' -> 'ftp://qxu1146460084.my3w.com/htdocs/media/14187874991645/MWeb-build-static-websites-and-blogs-1-1-2.jpg'
2015-02-26 14:03:59: Copy New '/Users/Otis/Documents/MWebSites/Coder For Art/media/14187874991645/MWeb-preview-share-1-1.jpg' -> 'ftp://qxu1146460084.my3w.com/htdocs/media/14187874991645/MWeb-preview-share-1-1.jpg'
2015-02-26 14:04:06: Copy New '/Users/Otis/Documents/MWebSites/Coder For Art/media/14187874991645/preview-share.jpg' -> 'ftp://qxu1146460084.my3w.com/htdocs/media/14187874991645/preview-share.jpg'
2015-02-26 14:04:15: Copy New '/Users/Otis/Documents/MWebSites/Coder For Art/media/14187874991645/static-blogs.jpg' -> 'ftp://qxu1146460084.my3w.com/htdocs/media/14187874991645/static-blogs.jpg'
2015-02-26 14:04:37: Copy New '/Users/Otis/Documents/MWebSites/Coder For Art/media/14187874991645/view.png' -> 'ftp://qxu1146460084.my3w.com/htdocs/media/14187874991645/view.png'
2015-02-26 14:04:46: Copy New '/Users/Otis/Documents/MWebSites/Coder For Art/media/14189656825627/0.jpg' -> 'ftp://qxu1146460084.my3w.com/htdocs/media/14189656825627/0.jpg'
2015-02-26 14:04:54: Copy New '/Users/Otis/Documents/MWebSites/Coder For Art/media/14189656825627/1.jpg' -> 'ftp://qxu1146460084.my3w.com/htdocs/media/14189656825627/1.jpg'
2015-02-26 14:05:05: Copy New '/Users/Otis/Documents/MWebSites/Coder For Art/media/14189656825627/2.jpg' -> 'ftp://qxu1146460084.my3w.com/htdocs/media/14189656825627/2.jpg'
2015-02-26 14:05:16: Copy New '/Users/Otis/Documents/MWebSites/Coder For Art/media/14189656825627/3.jpg' -> 'ftp://qxu1146460084.my3w.com/htdocs/media/14189656825627/3.jpg'
2015-02-26 14:05:26: Copy New '/Users/Otis/Documents/MWebSites/Coder For Art/media/14189656825627/4.jpg' -> 'ftp://qxu1146460084.my3w.com/htdocs/media/14189656825627/4.jpg'
2015-02-26 14:05:37: Copy New '/Users/Otis/Documents/MWebSites/Coder For Art/media/14189656825627/5.jpg' -> 'ftp://qxu1146460084.my3w.com/htdocs/media/14189656825627/5.jpg'
2015-02-26 14:05:48: Copy New '/Users/Otis/Documents/MWebSites/Coder For Art/media/14189656825627/MWeb-build-static-websites-and-blogs.jpg' -> 'ftp://qxu1146460084.my3w.com/htdocs/media/14189656825627/MWeb-build-static-websites-and-blogs.jpg'
2015-02-26 14:05:59: Copy New '/Users/Otis/Documents/MWebSites/Coder For Art/media/14189656825627/MWeb-inset-photo.jpg' -> 'ftp://qxu1146460084.my3w.com/htdocs/media/14189656825627/MWeb-inset-photo.jpg'
2015-02-26 14:06:06: Copy New '/Users/Otis/Documents/MWebSites/Coder For Art/media/14189656825627/MWeb-markdown-editor.jpg' -> 'ftp://qxu1146460084.my3w.com/htdocs/media/14189656825627/MWeb-markdown-editor.jpg'
2015-02-26 14:06:18: Copy New '/Users/Otis/Documents/MWebSites/Coder For Art/media/14189656825627/MWeb-preview-share.jpg' -> 'ftp://qxu1146460084.my3w.com/htdocs/media/14189656825627/MWeb-preview-share.jpg'
2015-02-26 14:06:27: Copy New '/Users/Otis/Documents/MWebSites/Coder For Art/media/14189656825627/MWeb-view-pattern.jpg' -> 'ftp://qxu1146460084.my3w.com/htdocs/media/14189656825627/MWeb-view-pattern.jpg'
2015-02-26 14:06:37: Copy New '/Users/Otis/Documents/MWebSites/Coder For Art/media/14189656825627/MWeb.jpg' -> 'ftp://qxu1146460084.my3w.com/htdocs/media/14189656825627/MWeb.jpg'
2015-02-26 14:06:46: Copy New '/Users/Otis/Documents/MWebSites/Coder For Art/media/14189656825627/MWeb0.jpg' -> 'ftp://qxu1146460084.my3w.com/htdocs/media/14189656825627/MWeb0.jpg'
2015-02-26 14:06:49: Copy New '/Users/Otis/Documents/MWebSites/Coder For Art/media/14189904700669/14210659918568.jpg' -> 'ftp://qxu1146460084.my3w.com/htdocs/media/14189904700669/14210659918568.jpg'
2015-02-26 14:06:50: Copy New '/Users/Otis/Documents/MWebSites/Coder For Art/media/14195170907881/icon_apple_store-download-small.png' -> 'ftp://qxu1146460084.my3w.com/htdocs/media/14195170907881/icon_apple_store-download-small.png'
2015-02-26 14:06:52: Copy New '/Users/Otis/Documents/MWebSites/Coder For Art/media/14195170907881/icon_apple_store-download.png' -> 'ftp://qxu1146460084.my3w.com/htdocs/media/14195170907881/icon_apple_store-download.png'
2015-02-26 14:08:25: Copy New '/Users/Otis/Documents/MWebSites/Coder For Art/media/14195170907881/MWeb-Lite.zip' -> 'ftp://qxu1146460084.my3w.com/htdocs/media/14195170907881/MWeb-Lite.zip'
2015-02-26 14:08:36: Copy New '/Users/Otis/Documents/MWebSites/Coder For Art/media/14206095675933/menus.jpg' -> 'ftp://qxu1146460084.my3w.com/htdocs/media/14206095675933/menus.jpg'
2015-02-26 14:08:46: Copy New '/Users/Otis/Documents/MWebSites/Coder For Art/media/14206095675933/preferences.jpg' -> 'ftp://qxu1146460084.my3w.com/htdocs/media/14206095675933/preferences.jpg'
2015-02-26 14:08:53: Copy New '/Users/Otis/Documents/MWebSites/Coder For Art/media/14206095675933/yosemite-01.jpg' -> 'ftp://qxu1146460084.my3w.com/htdocs/media/14206095675933/yosemite-01.jpg'
2015-02-26 14:09:01: Copy New '/Users/Otis/Documents/MWebSites/Coder For Art/media/14206095675933/yosemite-02.jpg' -> 'ftp://qxu1146460084.my3w.com/htdocs/media/14206095675933/yosemite-02.jpg'
2015-02-26 14:09:02: Copy New '/Users/Otis/Documents/MWebSites/Coder For Art/media/14206135238767/14227577752365.jpg' -> 'ftp://qxu1146460084.my3w.com/htdocs/media/14206135238767/14227577752365.jpg'
2015-02-26 14:09:05: Copy New '/Users/Otis/Documents/MWebSites/Coder For Art/media/14213891828854/14214041748379.jpg' -> 'ftp://qxu1146460084.my3w.com/htdocs/media/14213891828854/14214041748379.jpg'
2015-02-26 14:09:09: Copy New '/Users/Otis/Documents/MWebSites/Coder For Art/media/14213891828854/14215892261441.jpg' -> 'ftp://qxu1146460084.my3w.com/htdocs/media/14213891828854/14215892261441.jpg'
2015-02-26 14:09:11: Copy New '/Users/Otis/Documents/MWebSites/Coder For Art/media/14213891828854/14215898337076.jpg' -> 'ftp://qxu1146460084.my3w.com/htdocs/media/14213891828854/14215898337076.jpg'
2015-02-26 14:09:16: Copy New '/Users/Otis/Documents/MWebSites/Coder For Art/media/14213891828854/Snip20150118_4.png' -> 'ftp://qxu1146460084.my3w.com/htdocs/media/14213891828854/Snip20150118_4.png'
2015-02-26 14:09:23: Copy New '/Users/Otis/Documents/MWebSites/Coder For Art/media/14216489427773/Snip20150119_5.png' -> 'ftp://qxu1146460084.my3w.com/htdocs/media/14216489427773/Snip20150119_5.png'
2015-02-26 14:09:31: Copy New '/Users/Otis/Documents/MWebSites/Coder For Art/media/14216489427773/Snip20150119_6.png' -> 'ftp://qxu1146460084.my3w.com/htdocs/media/14216489427773/Snip20150119_6.png'
2015-02-26 14:09:34: Copy New '/Users/Otis/Documents/MWebSites/Coder For Art/media/14218059079784/5bf24facgw1eo0sjmlsiwj20uk0hoju2.jpg' -> 'ftp://qxu1146460084.my3w.com/htdocs/media/14218059079784/5bf24facgw1eo0sjmlsiwj20uk0hoju2.jpg'
2015-02-26 14:09:36: Copy New '/Users/Otis/Documents/MWebSites/Coder For Art/media/14218059079784/5bf24facgw1eo0sjsnjb6j20dw0cnta3.jpg' -> 'ftp://qxu1146460084.my3w.com/htdocs/media/14218059079784/5bf24facgw1eo0sjsnjb6j20dw0cnta3.jpg'
2015-02-26 14:09:39: Copy New '/Users/Otis/Documents/MWebSites/Coder For Art/media/14224153855854/14224159407048.jpg' -> 'ftp://qxu1146460084.my3w.com/htdocs/media/14224153855854/14224159407048.jpg'
2015-02-26 14:09:41: Copy New '/Users/Otis/Documents/MWebSites/Coder For Art/media/14224153855854/14224164068185.jpg' -> 'ftp://qxu1146460084.my3w.com/htdocs/media/14224153855854/14224164068185.jpg'
2015-02-26 14:09:43: Copy New '/Users/Otis/Documents/MWebSites/Coder For Art/media/14224153855854/14224167094764.jpg' -> 'ftp://qxu1146460084.my3w.com/htdocs/media/14224153855854/14224167094764.jpg'
2015-02-26 14:09:46: Copy New '/Users/Otis/Documents/MWebSites/Coder For Art/media/14224153855854/14224167472996.jpg' -> 'ftp://qxu1146460084.my3w.com/htdocs/media/14224153855854/14224167472996.jpg'
2015-02-26 14:09:48: Copy New '/Users/Otis/Documents/MWebSites/Coder For Art/media/14224153855854/14224170128740.jpg' -> 'ftp://qxu1146460084.my3w.com/htdocs/media/14224153855854/14224170128740.jpg'
2015-02-26 14:09:50: Copy New '/Users/Otis/Documents/MWebSites/Coder For Art/media/14224153855854/14224172504947.jpg' -> 'ftp://qxu1146460084.my3w.com/htdocs/media/14224153855854/14224172504947.jpg'
2015-02-26 14:09:52: Copy New '/Users/Otis/Documents/MWebSites/Coder For Art/media/14224153855854/14224176047741.jpg' -> 'ftp://qxu1146460084.my3w.com/htdocs/media/14224153855854/14224176047741.jpg'
2015-02-26 14:09:54: Copy New '/Users/Otis/Documents/MWebSites/Coder For Art/media/14224153855854/14224181872446.jpg' -> 'ftp://qxu1146460084.my3w.com/htdocs/media/14224153855854/14224181872446.jpg'
2015-02-26 14:09:57: Copy New '/Users/Otis/Documents/MWebSites/Coder For Art/media/14224153855854/14224187391174.jpg' -> 'ftp://qxu1146460084.my3w.com/htdocs/media/14224153855854/14224187391174.jpg'
2015-02-26 14:09:58: Copy New '/Users/Otis/Documents/MWebSites/Coder For Art/media/14224153855854/14224192721298.jpg' -> 'ftp://qxu1146460084.my3w.com/htdocs/media/14224153855854/14224192721298.jpg'
2015-02-26 14:10:02: Copy New '/Users/Otis/Documents/MWebSites/Coder For Art/media/14229369882579/14229376408401.jpg' -> 'ftp://qxu1146460084.my3w.com/htdocs/media/14229369882579/14229376408401.jpg'
2015-02-26 14:10:04: Copy New '/Users/Otis/Documents/MWebSites/Coder For Art/media/14229369882579/14229376940910.jpg' -> 'ftp://qxu1146460084.my3w.com/htdocs/media/14229369882579/14229376940910.jpg'
2015-02-26 14:10:08: Copy New '/Users/Otis/Documents/MWebSites/Coder For Art/media/14229369882579/14229393304301.jpg' -> 'ftp://qxu1146460084.my3w.com/htdocs/media/14229369882579/14229393304301.jpg'
2015-02-26 14:10:12: Copy New '/Users/Otis/Documents/MWebSites/Coder For Art/media/14229369882579/14229395629085.jpg' -> 'ftp://qxu1146460084.my3w.com/htdocs/media/14229369882579/14229395629085.jpg'
2015-02-26 14:10:14: Copy New '/Users/Otis/Documents/MWebSites/Coder For Art/media/14233888581377/14233974412288.jpg' -> 'ftp://qxu1146460084.my3w.com/htdocs/media/14233888581377/14233974412288.jpg'
2015-02-26 14:10:16: Copy New '/Users/Otis/Documents/MWebSites/Coder For Art/media/14233888581377/14233984379844.jpg' -> 'ftp://qxu1146460084.my3w.com/htdocs/media/14233888581377/14233984379844.jpg'
2015-02-26 14:10:18: Copy New '/Users/Otis/Documents/MWebSites/Coder For Art/media/14233888581377/14233991891638.jpg' -> 'ftp://qxu1146460084.my3w.com/htdocs/media/14233888581377/14233991891638.jpg'
2015-02-26 14:10:19: Copy New '/Users/Otis/Documents/MWebSites/Coder For Art/media/14233888581377/14233994590970.jpg' -> 'ftp://qxu1146460084.my3w.com/htdocs/media/14233888581377/14233994590970.jpg'
2015-02-26 14:10:21: Copy New '/Users/Otis/Documents/MWebSites/Coder For Art/media/14233888581377/14233994913622.jpg' -> 'ftp://qxu1146460084.my3w.com/htdocs/media/14233888581377/14233994913622.jpg'
2015-02-26 14:10:25: Copy New '/Users/Otis/Documents/MWebSites/Coder For Art/media/14233888581377/14233999928601.jpg' -> 'ftp://qxu1146460084.my3w.com/htdocs/media/14233888581377/14233999928601.jpg'
2015-02-26 14:10:31: Copy New '/Users/Otis/Documents/MWebSites/Coder For Art/media/14233888581377/14234006629706.jpg' -> 'ftp://qxu1146460084.my3w.com/htdocs/media/14233888581377/14234006629706.jpg'
2015-02-26 14:10:32: Copy New '/Users/Otis/Documents/MWebSites/Coder For Art/MWeb-cat.html' -> 'ftp://qxu1146460084.my3w.com/htdocs/MWeb-cat.html'
2015-02-26 14:10:34: Copy New '/Users/Otis/Documents/MWebSites/Coder For Art/MWeb-cat_1.html' -> 'ftp://qxu1146460084.my3w.com/htdocs/MWeb-cat_1.html'
2015-02-26 14:10:35: Copy New '/Users/Otis/Documents/MWebSites/Coder For Art/MWeb-cat_2.html' -> 'ftp://qxu1146460084.my3w.com/htdocs/MWeb-cat_2.html'
2015-02-26 14:10:36: Copy New '/Users/Otis/Documents/MWebSites/Coder For Art/mweb-qa-zh.html' -> 'ftp://qxu1146460084.my3w.com/htdocs/mweb-qa-zh.html'
2015-02-26 14:10:37: Copy New '/Users/Otis/Documents/MWebSites/Coder For Art/mweb-qa.html' -> 'ftp://qxu1146460084.my3w.com/htdocs/mweb-qa.html'
2015-02-26 14:10:39: Copy New '/Users/Otis/Documents/MWebSites/Coder For Art/mweb-v1.1-release-zh.html' -> 'ftp://qxu1146460084.my3w.com/htdocs/mweb-v1.1-release-zh.html'
2015-02-26 14:10:40: Copy New '/Users/Otis/Documents/MWebSites/Coder For Art/mweb-v1.1-release.html' -> 'ftp://qxu1146460084.my3w.com/htdocs/mweb-v1.1-release.html'
2015-02-26 14:10:41: Copy New '/Users/Otis/Documents/MWebSites/Coder For Art/mweb-v1.2-release-zh.html' -> 'ftp://qxu1146460084.my3w.com/htdocs/mweb-v1.2-release-zh.html'
2015-02-26 14:10:42: Copy New '/Users/Otis/Documents/MWebSites/Coder For Art/mweb-v1.2-release.html' -> 'ftp://qxu1146460084.my3w.com/htdocs/mweb-v1.2-release.html'
2015-02-26 14:10:44: Copy New '/Users/Otis/Documents/MWebSites/Coder For Art/mweb-zh.html' -> 'ftp://qxu1146460084.my3w.com/htdocs/mweb-zh.html'
2015-02-26 14:10:45: Copy New '/Users/Otis/Documents/MWebSites/Coder For Art/mweb.html' -> 'ftp://qxu1146460084.my3w.com/htdocs/mweb.html'
2015-02-26 14:10:46: Copy New '/Users/Otis/Documents/MWebSites/Coder For Art/Other.html' -> 'ftp://qxu1146460084.my3w.com/htdocs/Other.html'
2015-02-26 14:10:47: Copy New '/Users/Otis/Documents/MWebSites/Coder For Art/README.md' -> 'ftp://qxu1146460084.my3w.com/htdocs/README.md'
2015-02-26 14:10:48: Copy New '/Users/Otis/Documents/MWebSites/Coder For Art/sitemap.xml' -> 'ftp://qxu1146460084.my3w.com/htdocs/sitemap.xml'
2015-02-26 14:10:50: Copy New '/Users/Otis/Documents/MWebSites/Coder For Art/sync-webistes-to-github-or-ftp-zh.html' -> 'ftp://qxu1146460084.my3w.com/htdocs/sync-webistes-to-github-or-ftp-zh.html'
2015-02-26 14:10:51: Copy New '/Users/Otis/Documents/MWebSites/Coder For Art/unrealengine4-windows-mac.html' -> 'ftp://qxu1146460084.my3w.com/htdocs/unrealengine4-windows-mac.html'
2015-02-26 14:10:55: == Sync Complete. Time: 00:10:20, Speed: 43.1 KB/s, OK: 222, Errors: 0
2015-02-26 14:10:55: 
